{"name": "Checking of change password validations", "status": "broken", "statusDetails": {"message": "selenium.common.exceptions.WebDriverException: Message: disconnected: unable to send message to renderer\n  (failed to check if window was closed: disconnected: not connected to DevTools)\n  (Session info: chrome=125.0.6422.141)\nStacktrace:\n\tGetHandleVerifier [0x0119B8E3+45827]\n\t(No symbol) [0x0112DCC4]\n\t(No symbol) [0x0102150F]\n\t(No symbol) [0x0100C7EC]\n\t(No symbol) [0x0100C776]\n\t(No symbol) [0x0100B349]\n\t(No symbol) [0x0100BD1D]\n\t(No symbol) [0x0102479F]\n\t(No symbol) [0x01024F62]\n\t(No symbol) [0x01028298]\n\t(No symbol) [0x01028310]\n\t(No symbol) [0x01061ED6]\n\t(No symbol) [0x0106216B]\n\t(No symbol) [0x0109E0F2]\n\t(No symbol) [0x01082E44]\n\t(No symbol) [0x0109C034]\n\t(No symbol) [0x01082B96]\n\t(No symbol) [0x01056998]\n\t(No symbol) [0x0105751D]\n\tGetHandleVerifier [0x01454513+2899763]\n\tGetHandleVerifier [0x014A793D+3240797]\n\tGetHandleVerifier [0x012213B4+593364]\n\tGetHandleVerifier [0x012282DC+621820]\n\t(No symbol) [0x011370A4]\n\t(No symbol) [0x011337A8]\n\t(No symbol) [0x01133947]\n\t(No symbol) [0x011259FE]\n\tBaseThreadInitThunk [0x777CFA29+25]\n\tRtlGetAppContainerNamedObjectPath [0x779175F4+228]\n\tRtlGetAppContainerNamedObjectPath [0x779175C4+180]\n\n", "trace": "  File \"C:\\Users\\akbar.raza\\PycharmProjects\\FWU\\.venv\\Lib\\site-packages\\behave\\model.py\", line 1329, in run\n    match.run(runner.context)\n  File \"C:\\Users\\akbar.raza\\PycharmProjects\\FWU\\.venv\\Lib\\site-packages\\behave\\matchers.py\", line 98, in run\n    self.func(context, *args, **kwargs)\n  File \"features\\steps\\Fwu_Changepassword.py\", line 124, in login\n    reusable_methods.click_action_id(context.driver, fwu_login_elements.button_cancel_message)\n  File \"C:\\Users\\akbar.raza\\PycharmProjects\\FWU\\generic_methods\\reusable_methods.py\", line 51, in click_action_id\n    driver.find_element('id',element).click()\n    ^^^^^^^^^^^^^^^^^^^^^^^^^^^^^^^^^\n  File \"C:\\Users\\akbar.raza\\PycharmProjects\\FWU\\.venv\\Lib\\site-packages\\selenium\\webdriver\\remote\\webdriver.py\", line 741, in find_element\n    return self.execute(Command.FIND_ELEMENT, {\"using\": by, \"value\": value})[\"value\"]\n           ^^^^^^^^^^^^^^^^^^^^^^^^^^^^^^^^^^^^^^^^^^^^^^^^^^^^^^^^^^^^^^^^^\n  File \"C:\\Users\\akbar.raza\\PycharmProjects\\FWU\\.venv\\Lib\\site-packages\\selenium\\webdriver\\remote\\webdriver.py\", line 347, in execute\n    self.error_handler.check_response(response)\n  File \"C:\\Users\\akbar.raza\\PycharmProjects\\FWU\\.venv\\Lib\\site-packages\\selenium\\webdriver\\remote\\errorhandler.py\", line 229, in check_response\n    raise exception_class(message, screen, stacktrace)\n"}, "steps": [{"name": "Given user logged in successfully", "status": "broken", "statusDetails": {"message": "selenium.common.exceptions.WebDriverException: Message: disconnected: unable to send message to renderer\n  (failed to check if window was closed: disconnected: not connected to DevTools)\n  (Session info: chrome=125.0.6422.141)\nStacktrace:\n\tGetHandleVerifier [0x0119B8E3+45827]\n\t(No symbol) [0x0112DCC4]\n\t(No symbol) [0x0102150F]\n\t(No symbol) [0x0100C7EC]\n\t(No symbol) [0x0100C776]\n\t(No symbol) [0x0100B349]\n\t(No symbol) [0x0100BD1D]\n\t(No symbol) [0x0102479F]\n\t(No symbol) [0x01024F62]\n\t(No symbol) [0x01028298]\n\t(No symbol) [0x01028310]\n\t(No symbol) [0x01061ED6]\n\t(No symbol) [0x0106216B]\n\t(No symbol) [0x0109E0F2]\n\t(No symbol) [0x01082E44]\n\t(No symbol) [0x0109C034]\n\t(No symbol) [0x01082B96]\n\t(No symbol) [0x01056998]\n\t(No symbol) [0x0105751D]\n\tGetHandleVerifier [0x01454513+2899763]\n\tGetHandleVerifier [0x014A793D+3240797]\n\tGetHandleVerifier [0x012213B4+593364]\n\tGetHandleVerifier [0x012282DC+621820]\n\t(No symbol) [0x011370A4]\n\t(No symbol) [0x011337A8]\n\t(No symbol) [0x01133947]\n\t(No symbol) [0x011259FE]\n\tBaseThreadInitThunk [0x777CFA29+25]\n\tRtlGetAppContainerNamedObjectPath [0x779175F4+228]\n\tRtlGetAppContainerNamedObjectPath [0x779175C4+180]\n\n", "trace": "  File \"C:\\Users\\akbar.raza\\PycharmProjects\\FWU\\.venv\\Lib\\site-packages\\behave\\model.py\", line 1329, in run\n    match.run(runner.context)\n  File \"C:\\Users\\akbar.raza\\PycharmProjects\\FWU\\.venv\\Lib\\site-packages\\behave\\matchers.py\", line 98, in run\n    self.func(context, *args, **kwargs)\n  File \"features\\steps\\Fwu_Changepassword.py\", line 124, in login\n    reusable_methods.click_action_id(context.driver, fwu_login_elements.button_cancel_message)\n  File \"C:\\Users\\akbar.raza\\PycharmProjects\\FWU\\generic_methods\\reusable_methods.py\", line 51, in click_action_id\n    driver.find_element('id',element).click()\n    ^^^^^^^^^^^^^^^^^^^^^^^^^^^^^^^^^\n  File \"C:\\Users\\akbar.raza\\PycharmProjects\\FWU\\.venv\\Lib\\site-packages\\selenium\\webdriver\\remote\\webdriver.py\", line 741, in find_element\n    return self.execute(Command.FIND_ELEMENT, {\"using\": by, \"value\": value})[\"value\"]\n           ^^^^^^^^^^^^^^^^^^^^^^^^^^^^^^^^^^^^^^^^^^^^^^^^^^^^^^^^^^^^^^^^^\n  File \"C:\\Users\\akbar.raza\\PycharmProjects\\FWU\\.venv\\Lib\\site-packages\\selenium\\webdriver\\remote\\webdriver.py\", line 347, in execute\n    self.error_handler.check_response(response)\n  File \"C:\\Users\\akbar.raza\\PycharmProjects\\FWU\\.venv\\Lib\\site-packages\\selenium\\webdriver\\remote\\errorhandler.py\", line 229, in check_response\n    raise exception_class(message, screen, stacktrace)\n"}, "start": 1717396372613, "stop": 1717396395823}, {"name": "When changing the password by entering less than 8 characters", "status": "skipped", "start": 1717396395824, "stop": 1717396395824}, {"name": "And when changing the password by entering incorrect combination", "status": "skipped", "start": 1717396395824, "stop": 1717396395824}, {"name": "And when changing the password by entering from previously entered 24 passwords", "status": "skipped", "start": 1717396395824, "stop": 1717396395824}, {"name": "And when changing the password by entering password which is obtain through personal information", "status": "skipped", "start": 1717396395824, "stop": 1717396395824}, {"name": "And when changing the password by entering password which contains simple keyboard combinations", "status": "skipped", "start": 1717396395824, "stop": 1717396395824}, {"name": "Then validation error appears", "status": "skipped", "start": 1717396395824, "stop": 1717396395824}], "start": 1717396368392, "stop": 1717396395824, "uuid": "cfa248ee-51a8-4f20-9883-a400f2827366", "historyId": "e42ef4f41eb28b9bf89ab27dfa82fd7b", "fullName": "Change Password: Checking of change password validations", "labels": [{"name": "severity", "value": "normal"}, {"name": "tag", "value": "changepwdvalidations"}, {"name": "feature", "value": "Change Password"}, {"name": "framework", "value": "behave"}, {"name": "language", "value": "cpython3"}]}