{"name": "Change password of market admin user from settings page", "status": "broken", "statusDetails": {"message": "selenium.common.exceptions.NoSuchElementException: Message: no such element: Unable to locate element: {\"method\":\"css selector\",\"selector\":\"[id=\"cancel\"]\"}\n  (Session info: chrome=125.0.6422.141); For documentation on this error, please visit: https://www.selenium.dev/documentation/webdriver/troubleshooting/errors#no-such-element-exception\nStacktrace:\n\tGetHandleVerifier [0x0045B8E3+45827]\n\t(No symbol) [0x003EDCC4]\n\t(No symbol) [0x002E150F]\n\t(No symbol) [0x003220BC]\n\t(No symbol) [0x0032216B]\n\t(No symbol) [0x0035E0F2]\n\t(No symbol) [0x00342E44]\n\t(No symbol) [0x0035C034]\n\t(No symbol) [0x00342B96]\n\t(No symbol) [0x00316998]\n\t(No symbol) [0x0031751D]\n\tGetHandleVerifier [0x00714513+2899763]\n\tGetHandleVerifier [0x0076793D+3240797]\n\tGetHandleVerifier [0x004E13B4+593364]\n\tGetHandleVerifier [0x004E82DC+621820]\n\t(No symbol) [0x003F70A4]\n\t(No symbol) [0x003F37A8]\n\t(No symbol) [0x003F3947]\n\t(No symbol) [0x003E59FE]\n\tBaseThreadInitThunk [0x777CFA29+25]\n\tRtlGetAppContainerNamedObjectPath [0x779175F4+228]\n\tRtlGetAppContainerNamedObjectPath [0x779175C4+180]\n\n", "trace": "  File \"C:\\Users\\akbar.raza\\PycharmProjects\\FWU\\.venv\\Lib\\site-packages\\behave\\model.py\", line 1329, in run\n    match.run(runner.context)\n  File \"C:\\Users\\akbar.raza\\PycharmProjects\\FWU\\.venv\\Lib\\site-packages\\behave\\matchers.py\", line 98, in run\n    self.func(context, *args, **kwargs)\n  File \"features\\steps\\Fwu_Changepassword.py\", line 299, in login\n    reusable_methods.click_action_id(context.driver, fwu_login_elements.button_cancel_message)\n  File \"C:\\Users\\akbar.raza\\PycharmProjects\\FWU\\generic_methods\\reusable_methods.py\", line 51, in click_action_id\n    driver.find_element('id',element).click()\n    ^^^^^^^^^^^^^^^^^^^^^^^^^^^^^^^^^\n  File \"C:\\Users\\akbar.raza\\PycharmProjects\\FWU\\.venv\\Lib\\site-packages\\selenium\\webdriver\\remote\\webdriver.py\", line 741, in find_element\n    return self.execute(Command.FIND_ELEMENT, {\"using\": by, \"value\": value})[\"value\"]\n           ^^^^^^^^^^^^^^^^^^^^^^^^^^^^^^^^^^^^^^^^^^^^^^^^^^^^^^^^^^^^^^^^^\n  File \"C:\\Users\\akbar.raza\\PycharmProjects\\FWU\\.venv\\Lib\\site-packages\\selenium\\webdriver\\remote\\webdriver.py\", line 347, in execute\n    self.error_handler.check_response(response)\n  File \"C:\\Users\\akbar.raza\\PycharmProjects\\FWU\\.venv\\Lib\\site-packages\\selenium\\webdriver\\remote\\errorhandler.py\", line 229, in check_response\n    raise exception_class(message, screen, stacktrace)\n"}, "steps": [{"name": "Given logged in with market admin user", "status": "broken", "statusDetails": {"message": "selenium.common.exceptions.NoSuchElementException: Message: no such element: Unable to locate element: {\"method\":\"css selector\",\"selector\":\"[id=\"cancel\"]\"}\n  (Session info: chrome=125.0.6422.141); For documentation on this error, please visit: https://www.selenium.dev/documentation/webdriver/troubleshooting/errors#no-such-element-exception\nStacktrace:\n\tGetHandleVerifier [0x0045B8E3+45827]\n\t(No symbol) [0x003EDCC4]\n\t(No symbol) [0x002E150F]\n\t(No symbol) [0x003220BC]\n\t(No symbol) [0x0032216B]\n\t(No symbol) [0x0035E0F2]\n\t(No symbol) [0x00342E44]\n\t(No symbol) [0x0035C034]\n\t(No symbol) [0x00342B96]\n\t(No symbol) [0x00316998]\n\t(No symbol) [0x0031751D]\n\tGetHandleVerifier [0x00714513+2899763]\n\tGetHandleVerifier [0x0076793D+3240797]\n\tGetHandleVerifier [0x004E13B4+593364]\n\tGetHandleVerifier [0x004E82DC+621820]\n\t(No symbol) [0x003F70A4]\n\t(No symbol) [0x003F37A8]\n\t(No symbol) [0x003F3947]\n\t(No symbol) [0x003E59FE]\n\tBaseThreadInitThunk [0x777CFA29+25]\n\tRtlGetAppContainerNamedObjectPath [0x779175F4+228]\n\tRtlGetAppContainerNamedObjectPath [0x779175C4+180]\n\n", "trace": "  File \"C:\\Users\\akbar.raza\\PycharmProjects\\FWU\\.venv\\Lib\\site-packages\\behave\\model.py\", line 1329, in run\n    match.run(runner.context)\n  File \"C:\\Users\\akbar.raza\\PycharmProjects\\FWU\\.venv\\Lib\\site-packages\\behave\\matchers.py\", line 98, in run\n    self.func(context, *args, **kwargs)\n  File \"features\\steps\\Fwu_Changepassword.py\", line 299, in login\n    reusable_methods.click_action_id(context.driver, fwu_login_elements.button_cancel_message)\n  File \"C:\\Users\\akbar.raza\\PycharmProjects\\FWU\\generic_methods\\reusable_methods.py\", line 51, in click_action_id\n    driver.find_element('id',element).click()\n    ^^^^^^^^^^^^^^^^^^^^^^^^^^^^^^^^^\n  File \"C:\\Users\\akbar.raza\\PycharmProjects\\FWU\\.venv\\Lib\\site-packages\\selenium\\webdriver\\remote\\webdriver.py\", line 741, in find_element\n    return self.execute(Command.FIND_ELEMENT, {\"using\": by, \"value\": value})[\"value\"]\n           ^^^^^^^^^^^^^^^^^^^^^^^^^^^^^^^^^^^^^^^^^^^^^^^^^^^^^^^^^^^^^^^^^\n  File \"C:\\Users\\akbar.raza\\PycharmProjects\\FWU\\.venv\\Lib\\site-packages\\selenium\\webdriver\\remote\\webdriver.py\", line 347, in execute\n    self.error_handler.check_response(response)\n  File \"C:\\Users\\akbar.raza\\PycharmProjects\\FWU\\.venv\\Lib\\site-packages\\selenium\\webdriver\\remote\\errorhandler.py\", line 229, in check_response\n    raise exception_class(message, screen, stacktrace)\n"}, "start": 1717481552910, "stop": 1717481588080}, {"name": "When changing the password of available market admin user", "status": "skipped", "start": 1717481588081, "stop": 1717481588081}, {"name": "Then market admin user logged in with changed password", "status": "skipped", "start": 1717481588081, "stop": 1717481588081}], "start": 1717481549824, "stop": 1717481588081, "uuid": "bed9a6c3-7a8d-4251-ae04-1e1031309efc", "historyId": "cdb755e86fe0ae7ff7161d08d4422c38", "fullName": "Change Password: Change password of market admin user from settings page", "labels": [{"name": "severity", "value": "normal"}, {"name": "tag", "value": "changepwdsettings"}, {"name": "feature", "value": "Change Password"}, {"name": "framework", "value": "behave"}, {"name": "language", "value": "cpython3"}]}