{"name": "Admin user not Logged in", "status": "broken", "statusDetails": {"message": "selenium.common.exceptions.NoSuchElementException: Message: no such element: Unable to locate element: {\"method\":\"css selector\",\"selector\":\"[id=\"cancel\"]\"}\n  (Session info: chrome=125.0.6422.60); For documentation on this error, please visit: https://www.selenium.dev/documentation/webdriver/troubleshooting/errors#no-such-element-exception\nStacktrace:\n\tGetHandleVerifier [0x0121B793+45827]\n\t(No symbol) [0x011ADB74]\n\t(No symbol) [0x010A150F]\n\t(No symbol) [0x010E20BC]\n\t(No symbol) [0x010E216B]\n\t(No symbol) [0x0111E0F2]\n\t(No symbol) [0x01102E44]\n\t(No symbol) [0x0111C034]\n\t(No symbol) [0x01102B96]\n\t(No symbol) [0x010D6998]\n\t(No symbol) [0x010D751D]\n\tGetHandleVerifier [0x014D43C3+2899763]\n\tGetHandleVerifier [0x015277ED+3240797]\n\tGetHandleVerifier [0x012A1264+593364]\n\tGetHandleVerifier [0x012A818C+621820]\n\t(No symbol) [0x011B6F54]\n\t(No symbol) [0x011B3658]\n\t(No symbol) [0x011B37F7]\n\t(No symbol) [0x011A58AE]\n\tBaseThreadInitThunk [0x777CFA29+25]\n\tRtlGetAppContainerNamedObjectPath [0x779175F4+228]\n\tRtlGetAppContainerNamedObjectPath [0x779175C4+180]\n\n", "trace": "  File \"C:\\Users\\akbar.raza\\PycharmProjects\\FWU\\.venv\\Lib\\site-packages\\behave\\model.py\", line 1329, in run\n    match.run(runner.context)\n  File \"C:\\Users\\akbar.raza\\PycharmProjects\\FWU\\.venv\\Lib\\site-packages\\behave\\matchers.py\", line 98, in run\n    self.func(context, *args, **kwargs)\n  File \"features\\steps\\test.py\", line 39, in login\n    fwu_login_functions.cancel_popup(context.driver, fwu_login_elements.button_cancel_id)\n  File \"C:\\Users\\akbar.raza\\PycharmProjects\\FWU\\Functions\\fwu_login_functions.py\", line 13, in cancel_popup\n    driver.find_element('id', fwu_login_elements.button_cancel_id).click()\n    ^^^^^^^^^^^^^^^^^^^^^^^^^^^^^^^^^^^^^^^^^^^^^^^^^^^^^^^^^^^^^^\n  File \"C:\\Users\\akbar.raza\\PycharmProjects\\FWU\\.venv\\Lib\\site-packages\\selenium\\webdriver\\remote\\webdriver.py\", line 741, in find_element\n    return self.execute(Command.FIND_ELEMENT, {\"using\": by, \"value\": value})[\"value\"]\n           ^^^^^^^^^^^^^^^^^^^^^^^^^^^^^^^^^^^^^^^^^^^^^^^^^^^^^^^^^^^^^^^^^\n  File \"C:\\Users\\akbar.raza\\PycharmProjects\\FWU\\.venv\\Lib\\site-packages\\selenium\\webdriver\\remote\\webdriver.py\", line 347, in execute\n    self.error_handler.check_response(response)\n  File \"C:\\Users\\akbar.raza\\PycharmProjects\\FWU\\.venv\\Lib\\site-packages\\selenium\\webdriver\\remote\\errorhandler.py\", line 229, in check_response\n    raise exception_class(message, screen, stacktrace)\n"}, "steps": [{"name": "When user tries to login with invalid credential", "status": "broken", "statusDetails": {"message": "selenium.common.exceptions.NoSuchElementException: Message: no such element: Unable to locate element: {\"method\":\"css selector\",\"selector\":\"[id=\"cancel\"]\"}\n  (Session info: chrome=125.0.6422.60); For documentation on this error, please visit: https://www.selenium.dev/documentation/webdriver/troubleshooting/errors#no-such-element-exception\nStacktrace:\n\tGetHandleVerifier [0x0121B793+45827]\n\t(No symbol) [0x011ADB74]\n\t(No symbol) [0x010A150F]\n\t(No symbol) [0x010E20BC]\n\t(No symbol) [0x010E216B]\n\t(No symbol) [0x0111E0F2]\n\t(No symbol) [0x01102E44]\n\t(No symbol) [0x0111C034]\n\t(No symbol) [0x01102B96]\n\t(No symbol) [0x010D6998]\n\t(No symbol) [0x010D751D]\n\tGetHandleVerifier [0x014D43C3+2899763]\n\tGetHandleVerifier [0x015277ED+3240797]\n\tGetHandleVerifier [0x012A1264+593364]\n\tGetHandleVerifier [0x012A818C+621820]\n\t(No symbol) [0x011B6F54]\n\t(No symbol) [0x011B3658]\n\t(No symbol) [0x011B37F7]\n\t(No symbol) [0x011A58AE]\n\tBaseThreadInitThunk [0x777CFA29+25]\n\tRtlGetAppContainerNamedObjectPath [0x779175F4+228]\n\tRtlGetAppContainerNamedObjectPath [0x779175C4+180]\n\n", "trace": "  File \"C:\\Users\\akbar.raza\\PycharmProjects\\FWU\\.venv\\Lib\\site-packages\\behave\\model.py\", line 1329, in run\n    match.run(runner.context)\n  File \"C:\\Users\\akbar.raza\\PycharmProjects\\FWU\\.venv\\Lib\\site-packages\\behave\\matchers.py\", line 98, in run\n    self.func(context, *args, **kwargs)\n  File \"features\\steps\\test.py\", line 39, in login\n    fwu_login_functions.cancel_popup(context.driver, fwu_login_elements.button_cancel_id)\n  File \"C:\\Users\\akbar.raza\\PycharmProjects\\FWU\\Functions\\fwu_login_functions.py\", line 13, in cancel_popup\n    driver.find_element('id', fwu_login_elements.button_cancel_id).click()\n    ^^^^^^^^^^^^^^^^^^^^^^^^^^^^^^^^^^^^^^^^^^^^^^^^^^^^^^^^^^^^^^\n  File \"C:\\Users\\akbar.raza\\PycharmProjects\\FWU\\.venv\\Lib\\site-packages\\selenium\\webdriver\\remote\\webdriver.py\", line 741, in find_element\n    return self.execute(Command.FIND_ELEMENT, {\"using\": by, \"value\": value})[\"value\"]\n           ^^^^^^^^^^^^^^^^^^^^^^^^^^^^^^^^^^^^^^^^^^^^^^^^^^^^^^^^^^^^^^^^^\n  File \"C:\\Users\\akbar.raza\\PycharmProjects\\FWU\\.venv\\Lib\\site-packages\\selenium\\webdriver\\remote\\webdriver.py\", line 347, in execute\n    self.error_handler.check_response(response)\n  File \"C:\\Users\\akbar.raza\\PycharmProjects\\FWU\\.venv\\Lib\\site-packages\\selenium\\webdriver\\remote\\errorhandler.py\", line 229, in check_response\n    raise exception_class(message, screen, stacktrace)\n"}, "start": 1716373646484, "stop": 1716373661695}, {"name": "Then user should not be logged in", "status": "skipped", "start": 1716373661696, "stop": 1716373661696}], "start": 1716373646482, "stop": 1716373661696, "uuid": "fc0a0a59-0e7f-431a-b2f5-5737a4f86a13", "historyId": "6c61cc824d7d6039b43482224b06117d", "fullName": "User login: Admin user not Logged in", "labels": [{"name": "severity", "value": "normal"}, {"name": "tag", "value": "invalidcred"}, {"name": "feature", "value": "User login"}, {"name": "framework", "value": "behave"}, {"name": "language", "value": "cpython3"}]}