{"name": "Admin user Login", "status": "broken", "statusDetails": {"message": "selenium.common.exceptions.ElementClickInterceptedException: Message: element click intercepted: Element is not clickable at point (-14, 668)\n  (Session info: chrome=125.0.6422.60)\nStacktrace:\n\tGetHandleVerifier [0x00B2B793+45827]\n\t(No symbol) [0x00ABDB74]\n\t(No symbol) [0x009B150F]\n\t(No symbol) [0x009F8052]\n\t(No symbol) [0x009F63D8]\n\t(No symbol) [0x009F425B]\n\t(No symbol) [0x009F3823]\n\t(No symbol) [0x009E85EF]\n\t(No symbol) [0x00A12DFC]\n\t(No symbol) [0x009E8075]\n\t(No symbol) [0x00A13094]\n\t(No symbol) [0x00A2C034]\n\t(No symbol) [0x00A12B96]\n\t(No symbol) [0x009E6998]\n\t(No symbol) [0x009E751D]\n\tGetHandleVerifier [0x00DE43C3+2899763]\n\tGetHandleVerifier [0x00E377ED+3240797]\n\tGetHandleVerifier [0x00BB1264+593364]\n\tGetHandleVerifier [0x00BB818C+621820]\n\t(No symbol) [0x00AC6F54]\n\t(No symbol) [0x00AC3658]\n\t(No symbol) [0x00AC37F7]\n\t(No symbol) [0x00AB58AE]\n\tBaseThreadInitThunk [0x777CFA29+25]\n\tRtlGetAppContainerNamedObjectPath [0x779175F4+228]\n\tRtlGetAppContainerNamedObjectPath [0x779175C4+180]\n\n", "trace": "  File \"C:\\Users\\akbar.raza\\PycharmProjects\\FWU\\.venv\\Lib\\site-packages\\behave\\model.py\", line 1329, in run\n    match.run(runner.context)\n  File \"C:\\Users\\akbar.raza\\PycharmProjects\\FWU\\.venv\\Lib\\site-packages\\behave\\matchers.py\", line 98, in run\n    self.func(context, *args, **kwargs)\n  File \"features\\steps\\test.py\", line 31, in step_impl\n    fwu_logout_functions.logout(context.driver, fwu_logout_elements.button_logout)\n  File \"C:\\Users\\akbar.raza\\PycharmProjects\\FWU\\Functions\\fwu_logout_functions.py\", line 10, in logout\n    driver.find_element('xpath', fwu_logout_elements.button_logout).click()\n  File \"C:\\Users\\akbar.raza\\PycharmProjects\\FWU\\.venv\\Lib\\site-packages\\selenium\\webdriver\\remote\\webelement.py\", line 94, in click\n    self._execute(Command.CLICK_ELEMENT)\n  File \"C:\\Users\\akbar.raza\\PycharmProjects\\FWU\\.venv\\Lib\\site-packages\\selenium\\webdriver\\remote\\webelement.py\", line 395, in _execute\n    return self._parent.execute(command, params)\n           ^^^^^^^^^^^^^^^^^^^^^^^^^^^^^^^^^^^^^\n  File \"C:\\Users\\akbar.raza\\PycharmProjects\\FWU\\.venv\\Lib\\site-packages\\selenium\\webdriver\\remote\\webdriver.py\", line 347, in execute\n    self.error_handler.check_response(response)\n  File \"C:\\Users\\akbar.raza\\PycharmProjects\\FWU\\.venv\\Lib\\site-packages\\selenium\\webdriver\\remote\\errorhandler.py\", line 229, in check_response\n    raise exception_class(message, screen, stacktrace)\n"}, "steps": [{"name": "When user logged in with valid credential", "status": "passed", "start": 1716371209448, "stop": 1716371223761}, {"name": "Then user should be logged out successfully", "status": "broken", "statusDetails": {"message": "selenium.common.exceptions.ElementClickInterceptedException: Message: element click intercepted: Element is not clickable at point (-14, 668)\n  (Session info: chrome=125.0.6422.60)\nStacktrace:\n\tGetHandleVerifier [0x00B2B793+45827]\n\t(No symbol) [0x00ABDB74]\n\t(No symbol) [0x009B150F]\n\t(No symbol) [0x009F8052]\n\t(No symbol) [0x009F63D8]\n\t(No symbol) [0x009F425B]\n\t(No symbol) [0x009F3823]\n\t(No symbol) [0x009E85EF]\n\t(No symbol) [0x00A12DFC]\n\t(No symbol) [0x009E8075]\n\t(No symbol) [0x00A13094]\n\t(No symbol) [0x00A2C034]\n\t(No symbol) [0x00A12B96]\n\t(No symbol) [0x009E6998]\n\t(No symbol) [0x009E751D]\n\tGetHandleVerifier [0x00DE43C3+2899763]\n\tGetHandleVerifier [0x00E377ED+3240797]\n\tGetHandleVerifier [0x00BB1264+593364]\n\tGetHandleVerifier [0x00BB818C+621820]\n\t(No symbol) [0x00AC6F54]\n\t(No symbol) [0x00AC3658]\n\t(No symbol) [0x00AC37F7]\n\t(No symbol) [0x00AB58AE]\n\tBaseThreadInitThunk [0x777CFA29+25]\n\tRtlGetAppContainerNamedObjectPath [0x779175F4+228]\n\tRtlGetAppContainerNamedObjectPath [0x779175C4+180]\n\n", "trace": "  File \"C:\\Users\\akbar.raza\\PycharmProjects\\FWU\\.venv\\Lib\\site-packages\\behave\\model.py\", line 1329, in run\n    match.run(runner.context)\n  File \"C:\\Users\\akbar.raza\\PycharmProjects\\FWU\\.venv\\Lib\\site-packages\\behave\\matchers.py\", line 98, in run\n    self.func(context, *args, **kwargs)\n  File \"features\\steps\\test.py\", line 31, in step_impl\n    fwu_logout_functions.logout(context.driver, fwu_logout_elements.button_logout)\n  File \"C:\\Users\\akbar.raza\\PycharmProjects\\FWU\\Functions\\fwu_logout_functions.py\", line 10, in logout\n    driver.find_element('xpath', fwu_logout_elements.button_logout).click()\n  File \"C:\\Users\\akbar.raza\\PycharmProjects\\FWU\\.venv\\Lib\\site-packages\\selenium\\webdriver\\remote\\webelement.py\", line 94, in click\n    self._execute(Command.CLICK_ELEMENT)\n  File \"C:\\Users\\akbar.raza\\PycharmProjects\\FWU\\.venv\\Lib\\site-packages\\selenium\\webdriver\\remote\\webelement.py\", line 395, in _execute\n    return self._parent.execute(command, params)\n           ^^^^^^^^^^^^^^^^^^^^^^^^^^^^^^^^^^^^^\n  File \"C:\\Users\\akbar.raza\\PycharmProjects\\FWU\\.venv\\Lib\\site-packages\\selenium\\webdriver\\remote\\webdriver.py\", line 347, in execute\n    self.error_handler.check_response(response)\n  File \"C:\\Users\\akbar.raza\\PycharmProjects\\FWU\\.venv\\Lib\\site-packages\\selenium\\webdriver\\remote\\errorhandler.py\", line 229, in check_response\n    raise exception_class(message, screen, stacktrace)\n"}, "start": 1716371223761, "stop": 1716371224953}], "start": 1716371209447, "stop": 1716371224954, "uuid": "3e7f312b-e24a-4954-8f02-8d4f52ca3359", "historyId": "e3e7f1721e504f6b1c5a653a6a85665c", "fullName": "User login: Admin user Login", "labels": [{"name": "severity", "value": "normal"}, {"name": "tag", "value": "validcred"}, {"name": "feature", "value": "User login"}, {"name": "framework", "value": "behave"}, {"name": "language", "value": "cpython3"}]}