{"uid":"2b0c5c3abdf6dd81","name":"Admin user Login","fullName":"User login: Admin user Login","historyId":"e3e7f1721e504f6b1c5a653a6a85665c","time":{"start":1716364387717,"stop":1716364397033,"duration":9316},"status":"broken","statusMessage":"selenium.common.exceptions.UnexpectedAlertPresentException: Alert Text: {Alert text : \nMessage: unexpected alert open: {Alert text : }\n  (Session info: chrome=125.0.6422.60)\nStacktrace:\n\tGetHandleVerifier [0x00ACB793+45827]\n\t(No symbol) [0x00A5DB74]\n\t(No symbol) [0x0095150F]\n\t(No symbol) [0x009CC616]\n\t(No symbol) [0x009B2B96]\n\t(No symbol) [0x00986998]\n\t(No symbol) [0x0098751D]\n\tGetHandleVerifier [0x00D843C3+2899763]\n\tGetHandleVerifier [0x00DD77ED+3240797]\n\tGetHandleVerifier [0x00B51264+593364]\n\tGetHandleVerifier [0x00B5818C+621820]\n\t(No symbol) [0x00A66F54]\n\t(No symbol) [0x00A63658]\n\t(No symbol) [0x00A637F7]\n\t(No symbol) [0x00A558AE]\n\tBaseThreadInitThunk [0x777CFA29+25]\n\tRtlGetAppContainerNamedObjectPath [0x779175F4+228]\n\tRtlGetAppContainerNamedObjectPath [0x779175C4+180]\n\n","statusTrace":"  File \"C:\\Users\\akbar.raza\\PycharmProjects\\FWU\\.venv\\Lib\\site-packages\\behave\\model.py\", line 1329, in run\n    match.run(runner.context)\n  File \"C:\\Users\\akbar.raza\\PycharmProjects\\FWU\\.venv\\Lib\\site-packages\\behave\\matchers.py\", line 98, in run\n    self.func(context, *args, **kwargs)\n  File \"features\\steps\\test.py\", line 24, in login\n    fwu_login_functions.cancel_message(context.driver, fwu_login_elements.button_cancel_message)\n  File \"C:\\Users\\akbar.raza\\PycharmProjects\\FWU\\Functions\\fwu_login_functions.py\", line 28, in cancel_message\n    driver.find_element('id', fwu_login_elements.button_cancel_message).click()\n    ^^^^^^^^^^^^^^^^^^^^^^^^^^^^^^^^^^^^^^^^^^^^^^^^^^^^^^^^^^^^^^^^^^^\n  File \"C:\\Users\\akbar.raza\\PycharmProjects\\FWU\\.venv\\Lib\\site-packages\\selenium\\webdriver\\remote\\webdriver.py\", line 741, in find_element\n    return self.execute(Command.FIND_ELEMENT, {\"using\": by, \"value\": value})[\"value\"]\n           ^^^^^^^^^^^^^^^^^^^^^^^^^^^^^^^^^^^^^^^^^^^^^^^^^^^^^^^^^^^^^^^^^\n  File \"C:\\Users\\akbar.raza\\PycharmProjects\\FWU\\.venv\\Lib\\site-packages\\selenium\\webdriver\\remote\\webdriver.py\", line 347, in execute\n    self.error_handler.check_response(response)\n  File \"C:\\Users\\akbar.raza\\PycharmProjects\\FWU\\.venv\\Lib\\site-packages\\selenium\\webdriver\\remote\\errorhandler.py\", line 228, in check_response\n    raise exception_class(message, screen, stacktrace, alert_text)  # type: ignore[call-arg]  # mypy is not smart enough here\n    ^^^^^^^^^^^^^^^^^^^^^^^^^^^^^^^^^^^^^^^^^^^^^^^^^^^^^^^^^^^^^^\n","flaky":false,"newFailed":false,"newBroken":false,"newPassed":false,"retriesCount":0,"retriesStatusChange":false,"beforeStages":[],"testStage":{"status":"broken","statusMessage":"selenium.common.exceptions.UnexpectedAlertPresentException: Alert Text: {Alert text : \nMessage: unexpected alert open: {Alert text : }\n  (Session info: chrome=125.0.6422.60)\nStacktrace:\n\tGetHandleVerifier [0x00ACB793+45827]\n\t(No symbol) [0x00A5DB74]\n\t(No symbol) [0x0095150F]\n\t(No symbol) [0x009CC616]\n\t(No symbol) [0x009B2B96]\n\t(No symbol) [0x00986998]\n\t(No symbol) [0x0098751D]\n\tGetHandleVerifier [0x00D843C3+2899763]\n\tGetHandleVerifier [0x00DD77ED+3240797]\n\tGetHandleVerifier [0x00B51264+593364]\n\tGetHandleVerifier [0x00B5818C+621820]\n\t(No symbol) [0x00A66F54]\n\t(No symbol) [0x00A63658]\n\t(No symbol) [0x00A637F7]\n\t(No symbol) [0x00A558AE]\n\tBaseThreadInitThunk [0x777CFA29+25]\n\tRtlGetAppContainerNamedObjectPath [0x779175F4+228]\n\tRtlGetAppContainerNamedObjectPath [0x779175C4+180]\n\n","statusTrace":"  File \"C:\\Users\\akbar.raza\\PycharmProjects\\FWU\\.venv\\Lib\\site-packages\\behave\\model.py\", line 1329, in run\n    match.run(runner.context)\n  File \"C:\\Users\\akbar.raza\\PycharmProjects\\FWU\\.venv\\Lib\\site-packages\\behave\\matchers.py\", line 98, in run\n    self.func(context, *args, **kwargs)\n  File \"features\\steps\\test.py\", line 24, in login\n    fwu_login_functions.cancel_message(context.driver, fwu_login_elements.button_cancel_message)\n  File \"C:\\Users\\akbar.raza\\PycharmProjects\\FWU\\Functions\\fwu_login_functions.py\", line 28, in cancel_message\n    driver.find_element('id', fwu_login_elements.button_cancel_message).click()\n    ^^^^^^^^^^^^^^^^^^^^^^^^^^^^^^^^^^^^^^^^^^^^^^^^^^^^^^^^^^^^^^^^^^^\n  File \"C:\\Users\\akbar.raza\\PycharmProjects\\FWU\\.venv\\Lib\\site-packages\\selenium\\webdriver\\remote\\webdriver.py\", line 741, in find_element\n    return self.execute(Command.FIND_ELEMENT, {\"using\": by, \"value\": value})[\"value\"]\n           ^^^^^^^^^^^^^^^^^^^^^^^^^^^^^^^^^^^^^^^^^^^^^^^^^^^^^^^^^^^^^^^^^\n  File \"C:\\Users\\akbar.raza\\PycharmProjects\\FWU\\.venv\\Lib\\site-packages\\selenium\\webdriver\\remote\\webdriver.py\", line 347, in execute\n    self.error_handler.check_response(response)\n  File \"C:\\Users\\akbar.raza\\PycharmProjects\\FWU\\.venv\\Lib\\site-packages\\selenium\\webdriver\\remote\\errorhandler.py\", line 228, in check_response\n    raise exception_class(message, screen, stacktrace, alert_text)  # type: ignore[call-arg]  # mypy is not smart enough here\n    ^^^^^^^^^^^^^^^^^^^^^^^^^^^^^^^^^^^^^^^^^^^^^^^^^^^^^^^^^^^^^^\n","steps":[{"name":"When user logged in with valid credential","time":{"start":1716364387719,"stop":1716364397032,"duration":9313},"status":"broken","statusMessage":"selenium.common.exceptions.UnexpectedAlertPresentException: Alert Text: {Alert text : \nMessage: unexpected alert open: {Alert text : }\n  (Session info: chrome=125.0.6422.60)\nStacktrace:\n\tGetHandleVerifier [0x00ACB793+45827]\n\t(No symbol) [0x00A5DB74]\n\t(No symbol) [0x0095150F]\n\t(No symbol) [0x009CC616]\n\t(No symbol) [0x009B2B96]\n\t(No symbol) [0x00986998]\n\t(No symbol) [0x0098751D]\n\tGetHandleVerifier [0x00D843C3+2899763]\n\tGetHandleVerifier [0x00DD77ED+3240797]\n\tGetHandleVerifier [0x00B51264+593364]\n\tGetHandleVerifier [0x00B5818C+621820]\n\t(No symbol) [0x00A66F54]\n\t(No symbol) [0x00A63658]\n\t(No symbol) [0x00A637F7]\n\t(No symbol) [0x00A558AE]\n\tBaseThreadInitThunk [0x777CFA29+25]\n\tRtlGetAppContainerNamedObjectPath [0x779175F4+228]\n\tRtlGetAppContainerNamedObjectPath [0x779175C4+180]\n\n","statusTrace":"  File \"C:\\Users\\akbar.raza\\PycharmProjects\\FWU\\.venv\\Lib\\site-packages\\behave\\model.py\", line 1329, in run\n    match.run(runner.context)\n  File \"C:\\Users\\akbar.raza\\PycharmProjects\\FWU\\.venv\\Lib\\site-packages\\behave\\matchers.py\", line 98, in run\n    self.func(context, *args, **kwargs)\n  File \"features\\steps\\test.py\", line 24, in login\n    fwu_login_functions.cancel_message(context.driver, fwu_login_elements.button_cancel_message)\n  File \"C:\\Users\\akbar.raza\\PycharmProjects\\FWU\\Functions\\fwu_login_functions.py\", line 28, in cancel_message\n    driver.find_element('id', fwu_login_elements.button_cancel_message).click()\n    ^^^^^^^^^^^^^^^^^^^^^^^^^^^^^^^^^^^^^^^^^^^^^^^^^^^^^^^^^^^^^^^^^^^\n  File \"C:\\Users\\akbar.raza\\PycharmProjects\\FWU\\.venv\\Lib\\site-packages\\selenium\\webdriver\\remote\\webdriver.py\", line 741, in find_element\n    return self.execute(Command.FIND_ELEMENT, {\"using\": by, \"value\": value})[\"value\"]\n           ^^^^^^^^^^^^^^^^^^^^^^^^^^^^^^^^^^^^^^^^^^^^^^^^^^^^^^^^^^^^^^^^^\n  File \"C:\\Users\\akbar.raza\\PycharmProjects\\FWU\\.venv\\Lib\\site-packages\\selenium\\webdriver\\remote\\webdriver.py\", line 347, in execute\n    self.error_handler.check_response(response)\n  File \"C:\\Users\\akbar.raza\\PycharmProjects\\FWU\\.venv\\Lib\\site-packages\\selenium\\webdriver\\remote\\errorhandler.py\", line 228, in check_response\n    raise exception_class(message, screen, stacktrace, alert_text)  # type: ignore[call-arg]  # mypy is not smart enough here\n    ^^^^^^^^^^^^^^^^^^^^^^^^^^^^^^^^^^^^^^^^^^^^^^^^^^^^^^^^^^^^^^\n","steps":[],"attachments":[],"parameters":[],"shouldDisplayMessage":true,"attachmentsCount":0,"attachmentStep":false,"stepsCount":0,"hasContent":true},{"name":"Then user should be logged in successfully","time":{"start":1716364397033,"stop":1716364397033,"duration":0},"status":"skipped","steps":[],"attachments":[],"parameters":[],"shouldDisplayMessage":false,"attachmentsCount":0,"attachmentStep":false,"stepsCount":0,"hasContent":false}],"attachments":[],"parameters":[],"shouldDisplayMessage":false,"attachmentsCount":0,"attachmentStep":false,"stepsCount":2,"hasContent":true},"afterStages":[],"labels":[{"name":"severity","value":"normal"},{"name":"tag","value":"validcred"},{"name":"feature","value":"User login"},{"name":"framework","value":"behave"},{"name":"language","value":"cpython3"},{"name":"resultFormat","value":"allure2"}],"parameters":[],"links":[],"hidden":true,"retry":true,"extra":{"categories":[],"tags":["validcred"]},"source":"2b0c5c3abdf6dd81.json","parameterValues":[]}