{"uid":"35cf9daf48a23ef0","name":"Market Admin can be created through NIMDA user","fullName":"User Creation: Market Admin can be created through NIMDA user","historyId":"6f0087f48ee2e7660f5a1fc47a218a6d","time":{"start":1716875270549,"stop":1716875323704,"duration":53155},"status":"broken","statusMessage":"selenium.common.exceptions.NoSuchElementException: Message: no such element: Unable to locate element: {\"method\":\"xpath\",\"selector\":\"//input[@type='text' and contains(@class, 'MuiInputBase-input-1500 MuiInput-input-1488')]\"}\n  (Session info: chrome=125.0.6422.77); For documentation on this error, please visit: https://www.selenium.dev/documentation/webdriver/troubleshooting/errors#no-such-element-exception\nStacktrace:\n\tGetHandleVerifier [0x0114B793+45827]\n\t(No symbol) [0x010DDB74]\n\t(No symbol) [0x00FD150F]\n\t(No symbol) [0x010120BC]\n\t(No symbol) [0x0101216B]\n\t(No symbol) [0x0104E0F2]\n\t(No symbol) [0x01032E44]\n\t(No symbol) [0x0104C034]\n\t(No symbol) [0x01032B96]\n\t(No symbol) [0x01006998]\n\t(No symbol) [0x0100751D]\n\tGetHandleVerifier [0x014043C3+2899763]\n\tGetHandleVerifier [0x014577ED+3240797]\n\tGetHandleVerifier [0x011D1264+593364]\n\tGetHandleVerifier [0x011D818C+621820]\n\t(No symbol) [0x010E6F54]\n\t(No symbol) [0x010E3658]\n\t(No symbol) [0x010E37F7]\n\t(No symbol) [0x010D58AE]\n\tBaseThreadInitThunk [0x777CFA29+25]\n\tRtlGetAppContainerNamedObjectPath [0x779175F4+228]\n\tRtlGetAppContainerNamedObjectPath [0x779175C4+180]\n\n","statusTrace":"  File \"C:\\Users\\akbar.raza\\PycharmProjects\\FWU\\.venv\\Lib\\site-packages\\behave\\model.py\", line 1329, in run\n    match.run(runner.context)\n  File \"C:\\Users\\akbar.raza\\PycharmProjects\\FWU\\.venv\\Lib\\site-packages\\behave\\matchers.py\", line 98, in run\n    self.func(context, *args, **kwargs)\n  File \"features\\steps\\test.py\", line 82, in usercreation\n    fwu_UserCreation_fuctions.user_search(context.driver, fwu_usercreation_elements.textbox_user_search)\n  File \"C:\\Users\\akbar.raza\\PycharmProjects\\FWU\\Functions\\fwu_UserCreation_fuctions.py\", line 14, in user_search\n    reusable_methods.click_action_xpath(driver, fwu_usercreation_elements.textbox_user_search)\n  File \"C:\\Users\\akbar.raza\\PycharmProjects\\FWU\\generic_methods\\reusable_methods.py\", line 47, in click_action_xpath\n    driver.find_element('xpath',element).click()\n    ^^^^^^^^^^^^^^^^^^^^^^^^^^^^^^^^^^^^\n  File \"C:\\Users\\akbar.raza\\PycharmProjects\\FWU\\.venv\\Lib\\site-packages\\selenium\\webdriver\\remote\\webdriver.py\", line 741, in find_element\n    return self.execute(Command.FIND_ELEMENT, {\"using\": by, \"value\": value})[\"value\"]\n           ^^^^^^^^^^^^^^^^^^^^^^^^^^^^^^^^^^^^^^^^^^^^^^^^^^^^^^^^^^^^^^^^^\n  File \"C:\\Users\\akbar.raza\\PycharmProjects\\FWU\\.venv\\Lib\\site-packages\\selenium\\webdriver\\remote\\webdriver.py\", line 347, in execute\n    self.error_handler.check_response(response)\n  File \"C:\\Users\\akbar.raza\\PycharmProjects\\FWU\\.venv\\Lib\\site-packages\\selenium\\webdriver\\remote\\errorhandler.py\", line 229, in check_response\n    raise exception_class(message, screen, stacktrace)\n","flaky":false,"newFailed":false,"newBroken":false,"newPassed":false,"retriesCount":0,"retriesStatusChange":false,"beforeStages":[],"testStage":{"status":"broken","statusMessage":"selenium.common.exceptions.NoSuchElementException: Message: no such element: Unable to locate element: {\"method\":\"xpath\",\"selector\":\"//input[@type='text' and contains(@class, 'MuiInputBase-input-1500 MuiInput-input-1488')]\"}\n  (Session info: chrome=125.0.6422.77); For documentation on this error, please visit: https://www.selenium.dev/documentation/webdriver/troubleshooting/errors#no-such-element-exception\nStacktrace:\n\tGetHandleVerifier [0x0114B793+45827]\n\t(No symbol) [0x010DDB74]\n\t(No symbol) [0x00FD150F]\n\t(No symbol) [0x010120BC]\n\t(No symbol) [0x0101216B]\n\t(No symbol) [0x0104E0F2]\n\t(No symbol) [0x01032E44]\n\t(No symbol) [0x0104C034]\n\t(No symbol) [0x01032B96]\n\t(No symbol) [0x01006998]\n\t(No symbol) [0x0100751D]\n\tGetHandleVerifier [0x014043C3+2899763]\n\tGetHandleVerifier [0x014577ED+3240797]\n\tGetHandleVerifier [0x011D1264+593364]\n\tGetHandleVerifier [0x011D818C+621820]\n\t(No symbol) [0x010E6F54]\n\t(No symbol) [0x010E3658]\n\t(No symbol) [0x010E37F7]\n\t(No symbol) [0x010D58AE]\n\tBaseThreadInitThunk [0x777CFA29+25]\n\tRtlGetAppContainerNamedObjectPath [0x779175F4+228]\n\tRtlGetAppContainerNamedObjectPath [0x779175C4+180]\n\n","statusTrace":"  File \"C:\\Users\\akbar.raza\\PycharmProjects\\FWU\\.venv\\Lib\\site-packages\\behave\\model.py\", line 1329, in run\n    match.run(runner.context)\n  File \"C:\\Users\\akbar.raza\\PycharmProjects\\FWU\\.venv\\Lib\\site-packages\\behave\\matchers.py\", line 98, in run\n    self.func(context, *args, **kwargs)\n  File \"features\\steps\\test.py\", line 82, in usercreation\n    fwu_UserCreation_fuctions.user_search(context.driver, fwu_usercreation_elements.textbox_user_search)\n  File \"C:\\Users\\akbar.raza\\PycharmProjects\\FWU\\Functions\\fwu_UserCreation_fuctions.py\", line 14, in user_search\n    reusable_methods.click_action_xpath(driver, fwu_usercreation_elements.textbox_user_search)\n  File \"C:\\Users\\akbar.raza\\PycharmProjects\\FWU\\generic_methods\\reusable_methods.py\", line 47, in click_action_xpath\n    driver.find_element('xpath',element).click()\n    ^^^^^^^^^^^^^^^^^^^^^^^^^^^^^^^^^^^^\n  File \"C:\\Users\\akbar.raza\\PycharmProjects\\FWU\\.venv\\Lib\\site-packages\\selenium\\webdriver\\remote\\webdriver.py\", line 741, in find_element\n    return self.execute(Command.FIND_ELEMENT, {\"using\": by, \"value\": value})[\"value\"]\n           ^^^^^^^^^^^^^^^^^^^^^^^^^^^^^^^^^^^^^^^^^^^^^^^^^^^^^^^^^^^^^^^^^\n  File \"C:\\Users\\akbar.raza\\PycharmProjects\\FWU\\.venv\\Lib\\site-packages\\selenium\\webdriver\\remote\\webdriver.py\", line 347, in execute\n    self.error_handler.check_response(response)\n  File \"C:\\Users\\akbar.raza\\PycharmProjects\\FWU\\.venv\\Lib\\site-packages\\selenium\\webdriver\\remote\\errorhandler.py\", line 229, in check_response\n    raise exception_class(message, screen, stacktrace)\n","steps":[{"name":"Given NIMDA user logged in with valid credential","time":{"start":1716875273813,"stop":1716875293024,"duration":19211},"status":"passed","steps":[{"name":"Attach Screenshot","time":{"start":1716875291015,"stop":1716875291023,"duration":8},"status":"passed","steps":[],"attachments":[{"uid":"c1ef00cb7395c53","name":"screenshot751.png","source":"c1ef00cb7395c53.png","type":"image/png","size":108524}],"parameters":[],"shouldDisplayMessage":false,"attachmentsCount":1,"attachmentStep":false,"stepsCount":0,"hasContent":true}],"attachments":[],"parameters":[],"shouldDisplayMessage":false,"attachmentsCount":1,"attachmentStep":false,"stepsCount":1,"hasContent":true},{"name":"When created a Market Admin user","time":{"start":1716875293024,"stop":1716875321338,"duration":28314},"status":"broken","statusMessage":"selenium.common.exceptions.NoSuchElementException: Message: no such element: Unable to locate element: {\"method\":\"xpath\",\"selector\":\"//input[@type='text' and contains(@class, 'MuiInputBase-input-1500 MuiInput-input-1488')]\"}\n  (Session info: chrome=125.0.6422.77); For documentation on this error, please visit: https://www.selenium.dev/documentation/webdriver/troubleshooting/errors#no-such-element-exception\nStacktrace:\n\tGetHandleVerifier [0x0114B793+45827]\n\t(No symbol) [0x010DDB74]\n\t(No symbol) [0x00FD150F]\n\t(No symbol) [0x010120BC]\n\t(No symbol) [0x0101216B]\n\t(No symbol) [0x0104E0F2]\n\t(No symbol) [0x01032E44]\n\t(No symbol) [0x0104C034]\n\t(No symbol) [0x01032B96]\n\t(No symbol) [0x01006998]\n\t(No symbol) [0x0100751D]\n\tGetHandleVerifier [0x014043C3+2899763]\n\tGetHandleVerifier [0x014577ED+3240797]\n\tGetHandleVerifier [0x011D1264+593364]\n\tGetHandleVerifier [0x011D818C+621820]\n\t(No symbol) [0x010E6F54]\n\t(No symbol) [0x010E3658]\n\t(No symbol) [0x010E37F7]\n\t(No symbol) [0x010D58AE]\n\tBaseThreadInitThunk [0x777CFA29+25]\n\tRtlGetAppContainerNamedObjectPath [0x779175F4+228]\n\tRtlGetAppContainerNamedObjectPath [0x779175C4+180]\n\n","statusTrace":"  File \"C:\\Users\\akbar.raza\\PycharmProjects\\FWU\\.venv\\Lib\\site-packages\\behave\\model.py\", line 1329, in run\n    match.run(runner.context)\n  File \"C:\\Users\\akbar.raza\\PycharmProjects\\FWU\\.venv\\Lib\\site-packages\\behave\\matchers.py\", line 98, in run\n    self.func(context, *args, **kwargs)\n  File \"features\\steps\\test.py\", line 82, in usercreation\n    fwu_UserCreation_fuctions.user_search(context.driver, fwu_usercreation_elements.textbox_user_search)\n  File \"C:\\Users\\akbar.raza\\PycharmProjects\\FWU\\Functions\\fwu_UserCreation_fuctions.py\", line 14, in user_search\n    reusable_methods.click_action_xpath(driver, fwu_usercreation_elements.textbox_user_search)\n  File \"C:\\Users\\akbar.raza\\PycharmProjects\\FWU\\generic_methods\\reusable_methods.py\", line 47, in click_action_xpath\n    driver.find_element('xpath',element).click()\n    ^^^^^^^^^^^^^^^^^^^^^^^^^^^^^^^^^^^^\n  File \"C:\\Users\\akbar.raza\\PycharmProjects\\FWU\\.venv\\Lib\\site-packages\\selenium\\webdriver\\remote\\webdriver.py\", line 741, in find_element\n    return self.execute(Command.FIND_ELEMENT, {\"using\": by, \"value\": value})[\"value\"]\n           ^^^^^^^^^^^^^^^^^^^^^^^^^^^^^^^^^^^^^^^^^^^^^^^^^^^^^^^^^^^^^^^^^\n  File \"C:\\Users\\akbar.raza\\PycharmProjects\\FWU\\.venv\\Lib\\site-packages\\selenium\\webdriver\\remote\\webdriver.py\", line 347, in execute\n    self.error_handler.check_response(response)\n  File \"C:\\Users\\akbar.raza\\PycharmProjects\\FWU\\.venv\\Lib\\site-packages\\selenium\\webdriver\\remote\\errorhandler.py\", line 229, in check_response\n    raise exception_class(message, screen, stacktrace)\n","steps":[],"attachments":[],"parameters":[],"shouldDisplayMessage":true,"attachmentsCount":0,"attachmentStep":false,"stepsCount":0,"hasContent":true},{"name":"Then User created successfully","time":{"start":1716875323704,"stop":1716875323704,"duration":0},"status":"skipped","steps":[],"attachments":[],"parameters":[],"shouldDisplayMessage":false,"attachmentsCount":0,"attachmentStep":false,"stepsCount":0,"hasContent":false}],"attachments":[],"parameters":[],"shouldDisplayMessage":false,"attachmentsCount":1,"attachmentStep":false,"stepsCount":4,"hasContent":true},"afterStages":[],"labels":[{"name":"severity","value":"normal"},{"name":"tag","value":"adminusercreation"},{"name":"feature","value":"User Creation"},{"name":"framework","value":"behave"},{"name":"language","value":"cpython3"},{"name":"resultFormat","value":"allure2"}],"parameters":[],"links":[],"hidden":true,"retry":true,"extra":{"categories":[],"tags":["adminusercreation"]},"source":"35cf9daf48a23ef0.json","parameterValues":[]}