{"uid":"4a2d5fb6c3244fe7","name":"Admin user not Logged in","fullName":"User login: Admin user not Logged in","historyId":"6c61cc824d7d6039b43482224b06117d","time":{"start":1716374875391,"stop":1716374875418,"duration":27},"status":"broken","statusMessage":"selenium.common.exceptions.UnexpectedAlertPresentException: Alert Text: {Alert text : \nMessage: unexpected alert open: {Alert text : }\n  (Session info: chrome=125.0.6422.60)\nStacktrace:\n\tGetHandleVerifier [0x010CB793+45827]\n\t(No symbol) [0x0105DB74]\n\t(No symbol) [0x00F5150F]\n\t(No symbol) [0x00FCC616]\n\t(No symbol) [0x00FB2B96]\n\t(No symbol) [0x00F86998]\n\t(No symbol) [0x00F8751D]\n\tGetHandleVerifier [0x013843C3+2899763]\n\tGetHandleVerifier [0x013D77ED+3240797]\n\tGetHandleVerifier [0x01151264+593364]\n\tGetHandleVerifier [0x0115818C+621820]\n\t(No symbol) [0x01066F54]\n\t(No symbol) [0x01063658]\n\t(No symbol) [0x010637F7]\n\t(No symbol) [0x010558AE]\n\tBaseThreadInitThunk [0x777CFA29+25]\n\tRtlGetAppContainerNamedObjectPath [0x779175F4+228]\n\tRtlGetAppContainerNamedObjectPath [0x779175C4+180]\n\n","statusTrace":"  File \"C:\\Users\\akbar.raza\\PycharmProjects\\FWU\\.venv\\Lib\\site-packages\\behave\\model.py\", line 1329, in run\n    match.run(runner.context)\n  File \"C:\\Users\\akbar.raza\\PycharmProjects\\FWU\\.venv\\Lib\\site-packages\\behave\\matchers.py\", line 98, in run\n    self.func(context, *args, **kwargs)\n  File \"features\\steps\\test.py\", line 39, in login\n    fwu_login_functions.cancel_popup(context.driver, fwu_login_elements.button_cancel_id)\n  File \"C:\\Users\\akbar.raza\\PycharmProjects\\FWU\\Functions\\fwu_login_functions.py\", line 13, in cancel_popup\n    driver.find_element('id', fwu_login_elements.button_cancel_id).click()\n    ^^^^^^^^^^^^^^^^^^^^^^^^^^^^^^^^^^^^^^^^^^^^^^^^^^^^^^^^^^^^^^\n  File \"C:\\Users\\akbar.raza\\PycharmProjects\\FWU\\.venv\\Lib\\site-packages\\selenium\\webdriver\\remote\\webdriver.py\", line 741, in find_element\n    return self.execute(Command.FIND_ELEMENT, {\"using\": by, \"value\": value})[\"value\"]\n           ^^^^^^^^^^^^^^^^^^^^^^^^^^^^^^^^^^^^^^^^^^^^^^^^^^^^^^^^^^^^^^^^^\n  File \"C:\\Users\\akbar.raza\\PycharmProjects\\FWU\\.venv\\Lib\\site-packages\\selenium\\webdriver\\remote\\webdriver.py\", line 347, in execute\n    self.error_handler.check_response(response)\n  File \"C:\\Users\\akbar.raza\\PycharmProjects\\FWU\\.venv\\Lib\\site-packages\\selenium\\webdriver\\remote\\errorhandler.py\", line 228, in check_response\n    raise exception_class(message, screen, stacktrace, alert_text)  # type: ignore[call-arg]  # mypy is not smart enough here\n    ^^^^^^^^^^^^^^^^^^^^^^^^^^^^^^^^^^^^^^^^^^^^^^^^^^^^^^^^^^^^^^\n","flaky":false,"newFailed":false,"newBroken":false,"newPassed":false,"retriesCount":0,"retriesStatusChange":false,"beforeStages":[],"testStage":{"status":"broken","statusMessage":"selenium.common.exceptions.UnexpectedAlertPresentException: Alert Text: {Alert text : \nMessage: unexpected alert open: {Alert text : }\n  (Session info: chrome=125.0.6422.60)\nStacktrace:\n\tGetHandleVerifier [0x010CB793+45827]\n\t(No symbol) [0x0105DB74]\n\t(No symbol) [0x00F5150F]\n\t(No symbol) [0x00FCC616]\n\t(No symbol) [0x00FB2B96]\n\t(No symbol) [0x00F86998]\n\t(No symbol) [0x00F8751D]\n\tGetHandleVerifier [0x013843C3+2899763]\n\tGetHandleVerifier [0x013D77ED+3240797]\n\tGetHandleVerifier [0x01151264+593364]\n\tGetHandleVerifier [0x0115818C+621820]\n\t(No symbol) [0x01066F54]\n\t(No symbol) [0x01063658]\n\t(No symbol) [0x010637F7]\n\t(No symbol) [0x010558AE]\n\tBaseThreadInitThunk [0x777CFA29+25]\n\tRtlGetAppContainerNamedObjectPath [0x779175F4+228]\n\tRtlGetAppContainerNamedObjectPath [0x779175C4+180]\n\n","statusTrace":"  File \"C:\\Users\\akbar.raza\\PycharmProjects\\FWU\\.venv\\Lib\\site-packages\\behave\\model.py\", line 1329, in run\n    match.run(runner.context)\n  File \"C:\\Users\\akbar.raza\\PycharmProjects\\FWU\\.venv\\Lib\\site-packages\\behave\\matchers.py\", line 98, in run\n    self.func(context, *args, **kwargs)\n  File \"features\\steps\\test.py\", line 39, in login\n    fwu_login_functions.cancel_popup(context.driver, fwu_login_elements.button_cancel_id)\n  File \"C:\\Users\\akbar.raza\\PycharmProjects\\FWU\\Functions\\fwu_login_functions.py\", line 13, in cancel_popup\n    driver.find_element('id', fwu_login_elements.button_cancel_id).click()\n    ^^^^^^^^^^^^^^^^^^^^^^^^^^^^^^^^^^^^^^^^^^^^^^^^^^^^^^^^^^^^^^\n  File \"C:\\Users\\akbar.raza\\PycharmProjects\\FWU\\.venv\\Lib\\site-packages\\selenium\\webdriver\\remote\\webdriver.py\", line 741, in find_element\n    return self.execute(Command.FIND_ELEMENT, {\"using\": by, \"value\": value})[\"value\"]\n           ^^^^^^^^^^^^^^^^^^^^^^^^^^^^^^^^^^^^^^^^^^^^^^^^^^^^^^^^^^^^^^^^^\n  File \"C:\\Users\\akbar.raza\\PycharmProjects\\FWU\\.venv\\Lib\\site-packages\\selenium\\webdriver\\remote\\webdriver.py\", line 347, in execute\n    self.error_handler.check_response(response)\n  File \"C:\\Users\\akbar.raza\\PycharmProjects\\FWU\\.venv\\Lib\\site-packages\\selenium\\webdriver\\remote\\errorhandler.py\", line 228, in check_response\n    raise exception_class(message, screen, stacktrace, alert_text)  # type: ignore[call-arg]  # mypy is not smart enough here\n    ^^^^^^^^^^^^^^^^^^^^^^^^^^^^^^^^^^^^^^^^^^^^^^^^^^^^^^^^^^^^^^\n","steps":[{"name":"When user tries to login with invalid credential","time":{"start":1716374875392,"stop":1716374875415,"duration":23},"status":"broken","statusMessage":"selenium.common.exceptions.UnexpectedAlertPresentException: Alert Text: {Alert text : \nMessage: unexpected alert open: {Alert text : }\n  (Session info: chrome=125.0.6422.60)\nStacktrace:\n\tGetHandleVerifier [0x010CB793+45827]\n\t(No symbol) [0x0105DB74]\n\t(No symbol) [0x00F5150F]\n\t(No symbol) [0x00FCC616]\n\t(No symbol) [0x00FB2B96]\n\t(No symbol) [0x00F86998]\n\t(No symbol) [0x00F8751D]\n\tGetHandleVerifier [0x013843C3+2899763]\n\tGetHandleVerifier [0x013D77ED+3240797]\n\tGetHandleVerifier [0x01151264+593364]\n\tGetHandleVerifier [0x0115818C+621820]\n\t(No symbol) [0x01066F54]\n\t(No symbol) [0x01063658]\n\t(No symbol) [0x010637F7]\n\t(No symbol) [0x010558AE]\n\tBaseThreadInitThunk [0x777CFA29+25]\n\tRtlGetAppContainerNamedObjectPath [0x779175F4+228]\n\tRtlGetAppContainerNamedObjectPath [0x779175C4+180]\n\n","statusTrace":"  File \"C:\\Users\\akbar.raza\\PycharmProjects\\FWU\\.venv\\Lib\\site-packages\\behave\\model.py\", line 1329, in run\n    match.run(runner.context)\n  File \"C:\\Users\\akbar.raza\\PycharmProjects\\FWU\\.venv\\Lib\\site-packages\\behave\\matchers.py\", line 98, in run\n    self.func(context, *args, **kwargs)\n  File \"features\\steps\\test.py\", line 39, in login\n    fwu_login_functions.cancel_popup(context.driver, fwu_login_elements.button_cancel_id)\n  File \"C:\\Users\\akbar.raza\\PycharmProjects\\FWU\\Functions\\fwu_login_functions.py\", line 13, in cancel_popup\n    driver.find_element('id', fwu_login_elements.button_cancel_id).click()\n    ^^^^^^^^^^^^^^^^^^^^^^^^^^^^^^^^^^^^^^^^^^^^^^^^^^^^^^^^^^^^^^\n  File \"C:\\Users\\akbar.raza\\PycharmProjects\\FWU\\.venv\\Lib\\site-packages\\selenium\\webdriver\\remote\\webdriver.py\", line 741, in find_element\n    return self.execute(Command.FIND_ELEMENT, {\"using\": by, \"value\": value})[\"value\"]\n           ^^^^^^^^^^^^^^^^^^^^^^^^^^^^^^^^^^^^^^^^^^^^^^^^^^^^^^^^^^^^^^^^^\n  File \"C:\\Users\\akbar.raza\\PycharmProjects\\FWU\\.venv\\Lib\\site-packages\\selenium\\webdriver\\remote\\webdriver.py\", line 347, in execute\n    self.error_handler.check_response(response)\n  File \"C:\\Users\\akbar.raza\\PycharmProjects\\FWU\\.venv\\Lib\\site-packages\\selenium\\webdriver\\remote\\errorhandler.py\", line 228, in check_response\n    raise exception_class(message, screen, stacktrace, alert_text)  # type: ignore[call-arg]  # mypy is not smart enough here\n    ^^^^^^^^^^^^^^^^^^^^^^^^^^^^^^^^^^^^^^^^^^^^^^^^^^^^^^^^^^^^^^\n","steps":[],"attachments":[],"parameters":[],"shouldDisplayMessage":true,"attachmentsCount":0,"attachmentStep":false,"stepsCount":0,"hasContent":true},{"name":"Then user should not be logged in","time":{"start":1716374875418,"stop":1716374875418,"duration":0},"status":"skipped","steps":[],"attachments":[],"parameters":[],"shouldDisplayMessage":false,"attachmentsCount":0,"attachmentStep":false,"stepsCount":0,"hasContent":false}],"attachments":[],"parameters":[],"shouldDisplayMessage":false,"attachmentsCount":0,"attachmentStep":false,"stepsCount":2,"hasContent":true},"afterStages":[],"labels":[{"name":"severity","value":"normal"},{"name":"tag","value":"invalidcred"},{"name":"feature","value":"User login"},{"name":"framework","value":"behave"},{"name":"language","value":"cpython3"},{"name":"resultFormat","value":"allure2"}],"parameters":[],"links":[],"hidden":true,"retry":true,"extra":{"categories":[],"tags":["invalidcred"]},"source":"4a2d5fb6c3244fe7.json","parameterValues":[]}