{"uid":"75af36d4645d1774","name":"Market Admin can be created through NIMDA user","fullName":"User Creation: Market Admin can be created through NIMDA user","historyId":"6f0087f48ee2e7660f5a1fc47a218a6d","time":{"start":1717045684434,"stop":1717045751486,"duration":67052},"status":"broken","statusMessage":"selenium.common.exceptions.NoSuchElementException: Message: no such element: Unable to locate element: {\"method\":\"xpath\",\"selector\":\"//div[contains(@class, 'MuiSelect-root-2010')]\"}\n  (Session info: chrome=125.0.6422.113); For documentation on this error, please visit: https://www.selenium.dev/documentation/webdriver/troubleshooting/errors#no-such-element-exception\nStacktrace:\n\tGetHandleVerifier [0x0038B793+45827]\n\t(No symbol) [0x0031DB74]\n\t(No symbol) [0x0021150F]\n\t(No symbol) [0x002520BC]\n\t(No symbol) [0x0025216B]\n\t(No symbol) [0x0028E0F2]\n\t(No symbol) [0x00272E44]\n\t(No symbol) [0x0028C034]\n\t(No symbol) [0x00272B96]\n\t(No symbol) [0x00246998]\n\t(No symbol) [0x0024751D]\n\tGetHandleVerifier [0x006443C3+2899763]\n\tGetHandleVerifier [0x006977ED+3240797]\n\tGetHandleVerifier [0x00411264+593364]\n\tGetHandleVerifier [0x0041818C+621820]\n\t(No symbol) [0x00326F54]\n\t(No symbol) [0x00323658]\n\t(No symbol) [0x003237F7]\n\t(No symbol) [0x003158AE]\n\tBaseThreadInitThunk [0x777CFA29+25]\n\tRtlGetAppContainerNamedObjectPath [0x779175F4+228]\n\tRtlGetAppContainerNamedObjectPath [0x779175C4+180]\n\n","statusTrace":"  File \"C:\\Users\\akbar.raza\\PycharmProjects\\FWU\\.venv\\Lib\\site-packages\\behave\\model.py\", line 1329, in run\n    match.run(runner.context)\n  File \"C:\\Users\\akbar.raza\\PycharmProjects\\FWU\\.venv\\Lib\\site-packages\\behave\\matchers.py\", line 98, in run\n    self.func(context, *args, **kwargs)\n  File \"features\\steps\\test.py\", line 91, in usercreation\n    reusable_methods.click_action_xpath(context.driver, fwu_usercreation_elements.dropdown_salutation)\n  File \"C:\\Users\\akbar.raza\\PycharmProjects\\FWU\\generic_methods\\reusable_methods.py\", line 48, in click_action_xpath\n    driver.find_element('xpath',element).click()\n    ^^^^^^^^^^^^^^^^^^^^^^^^^^^^^^^^^^^^\n  File \"C:\\Users\\akbar.raza\\PycharmProjects\\FWU\\.venv\\Lib\\site-packages\\selenium\\webdriver\\remote\\webdriver.py\", line 741, in find_element\n    return self.execute(Command.FIND_ELEMENT, {\"using\": by, \"value\": value})[\"value\"]\n           ^^^^^^^^^^^^^^^^^^^^^^^^^^^^^^^^^^^^^^^^^^^^^^^^^^^^^^^^^^^^^^^^^\n  File \"C:\\Users\\akbar.raza\\PycharmProjects\\FWU\\.venv\\Lib\\site-packages\\selenium\\webdriver\\remote\\webdriver.py\", line 347, in execute\n    self.error_handler.check_response(response)\n  File \"C:\\Users\\akbar.raza\\PycharmProjects\\FWU\\.venv\\Lib\\site-packages\\selenium\\webdriver\\remote\\errorhandler.py\", line 229, in check_response\n    raise exception_class(message, screen, stacktrace)\n","flaky":false,"newFailed":false,"newBroken":false,"newPassed":false,"retriesCount":0,"retriesStatusChange":false,"beforeStages":[],"testStage":{"status":"broken","statusMessage":"selenium.common.exceptions.NoSuchElementException: Message: no such element: Unable to locate element: {\"method\":\"xpath\",\"selector\":\"//div[contains(@class, 'MuiSelect-root-2010')]\"}\n  (Session info: chrome=125.0.6422.113); For documentation on this error, please visit: https://www.selenium.dev/documentation/webdriver/troubleshooting/errors#no-such-element-exception\nStacktrace:\n\tGetHandleVerifier [0x0038B793+45827]\n\t(No symbol) [0x0031DB74]\n\t(No symbol) [0x0021150F]\n\t(No symbol) [0x002520BC]\n\t(No symbol) [0x0025216B]\n\t(No symbol) [0x0028E0F2]\n\t(No symbol) [0x00272E44]\n\t(No symbol) [0x0028C034]\n\t(No symbol) [0x00272B96]\n\t(No symbol) [0x00246998]\n\t(No symbol) [0x0024751D]\n\tGetHandleVerifier [0x006443C3+2899763]\n\tGetHandleVerifier [0x006977ED+3240797]\n\tGetHandleVerifier [0x00411264+593364]\n\tGetHandleVerifier [0x0041818C+621820]\n\t(No symbol) [0x00326F54]\n\t(No symbol) [0x00323658]\n\t(No symbol) [0x003237F7]\n\t(No symbol) [0x003158AE]\n\tBaseThreadInitThunk [0x777CFA29+25]\n\tRtlGetAppContainerNamedObjectPath [0x779175F4+228]\n\tRtlGetAppContainerNamedObjectPath [0x779175C4+180]\n\n","statusTrace":"  File \"C:\\Users\\akbar.raza\\PycharmProjects\\FWU\\.venv\\Lib\\site-packages\\behave\\model.py\", line 1329, in run\n    match.run(runner.context)\n  File \"C:\\Users\\akbar.raza\\PycharmProjects\\FWU\\.venv\\Lib\\site-packages\\behave\\matchers.py\", line 98, in run\n    self.func(context, *args, **kwargs)\n  File \"features\\steps\\test.py\", line 91, in usercreation\n    reusable_methods.click_action_xpath(context.driver, fwu_usercreation_elements.dropdown_salutation)\n  File \"C:\\Users\\akbar.raza\\PycharmProjects\\FWU\\generic_methods\\reusable_methods.py\", line 48, in click_action_xpath\n    driver.find_element('xpath',element).click()\n    ^^^^^^^^^^^^^^^^^^^^^^^^^^^^^^^^^^^^\n  File \"C:\\Users\\akbar.raza\\PycharmProjects\\FWU\\.venv\\Lib\\site-packages\\selenium\\webdriver\\remote\\webdriver.py\", line 741, in find_element\n    return self.execute(Command.FIND_ELEMENT, {\"using\": by, \"value\": value})[\"value\"]\n           ^^^^^^^^^^^^^^^^^^^^^^^^^^^^^^^^^^^^^^^^^^^^^^^^^^^^^^^^^^^^^^^^^\n  File \"C:\\Users\\akbar.raza\\PycharmProjects\\FWU\\.venv\\Lib\\site-packages\\selenium\\webdriver\\remote\\webdriver.py\", line 347, in execute\n    self.error_handler.check_response(response)\n  File \"C:\\Users\\akbar.raza\\PycharmProjects\\FWU\\.venv\\Lib\\site-packages\\selenium\\webdriver\\remote\\errorhandler.py\", line 229, in check_response\n    raise exception_class(message, screen, stacktrace)\n","steps":[{"name":"Given NIMDA user logged in with valid credential","time":{"start":1717045688318,"stop":1717045713213,"duration":24895},"status":"passed","steps":[{"name":"Attach Screenshot","time":{"start":1717045711199,"stop":1717045711213,"duration":14},"status":"passed","steps":[],"attachments":[{"uid":"ea2afbbb4fd62f80","name":"screenshot317.png","source":"ea2afbbb4fd62f80.png","type":"image/png","size":108556}],"parameters":[],"shouldDisplayMessage":false,"attachmentsCount":1,"attachmentStep":false,"stepsCount":0,"hasContent":true}],"attachments":[],"parameters":[],"shouldDisplayMessage":false,"attachmentsCount":1,"attachmentStep":false,"stepsCount":1,"hasContent":true},{"name":"When created a Market Admin user","time":{"start":1717045713213,"stop":1717045751486,"duration":38273},"status":"broken","statusMessage":"selenium.common.exceptions.NoSuchElementException: Message: no such element: Unable to locate element: {\"method\":\"xpath\",\"selector\":\"//div[contains(@class, 'MuiSelect-root-2010')]\"}\n  (Session info: chrome=125.0.6422.113); For documentation on this error, please visit: https://www.selenium.dev/documentation/webdriver/troubleshooting/errors#no-such-element-exception\nStacktrace:\n\tGetHandleVerifier [0x0038B793+45827]\n\t(No symbol) [0x0031DB74]\n\t(No symbol) [0x0021150F]\n\t(No symbol) [0x002520BC]\n\t(No symbol) [0x0025216B]\n\t(No symbol) [0x0028E0F2]\n\t(No symbol) [0x00272E44]\n\t(No symbol) [0x0028C034]\n\t(No symbol) [0x00272B96]\n\t(No symbol) [0x00246998]\n\t(No symbol) [0x0024751D]\n\tGetHandleVerifier [0x006443C3+2899763]\n\tGetHandleVerifier [0x006977ED+3240797]\n\tGetHandleVerifier [0x00411264+593364]\n\tGetHandleVerifier [0x0041818C+621820]\n\t(No symbol) [0x00326F54]\n\t(No symbol) [0x00323658]\n\t(No symbol) [0x003237F7]\n\t(No symbol) [0x003158AE]\n\tBaseThreadInitThunk [0x777CFA29+25]\n\tRtlGetAppContainerNamedObjectPath [0x779175F4+228]\n\tRtlGetAppContainerNamedObjectPath [0x779175C4+180]\n\n","statusTrace":"  File \"C:\\Users\\akbar.raza\\PycharmProjects\\FWU\\.venv\\Lib\\site-packages\\behave\\model.py\", line 1329, in run\n    match.run(runner.context)\n  File \"C:\\Users\\akbar.raza\\PycharmProjects\\FWU\\.venv\\Lib\\site-packages\\behave\\matchers.py\", line 98, in run\n    self.func(context, *args, **kwargs)\n  File \"features\\steps\\test.py\", line 91, in usercreation\n    reusable_methods.click_action_xpath(context.driver, fwu_usercreation_elements.dropdown_salutation)\n  File \"C:\\Users\\akbar.raza\\PycharmProjects\\FWU\\generic_methods\\reusable_methods.py\", line 48, in click_action_xpath\n    driver.find_element('xpath',element).click()\n    ^^^^^^^^^^^^^^^^^^^^^^^^^^^^^^^^^^^^\n  File \"C:\\Users\\akbar.raza\\PycharmProjects\\FWU\\.venv\\Lib\\site-packages\\selenium\\webdriver\\remote\\webdriver.py\", line 741, in find_element\n    return self.execute(Command.FIND_ELEMENT, {\"using\": by, \"value\": value})[\"value\"]\n           ^^^^^^^^^^^^^^^^^^^^^^^^^^^^^^^^^^^^^^^^^^^^^^^^^^^^^^^^^^^^^^^^^\n  File \"C:\\Users\\akbar.raza\\PycharmProjects\\FWU\\.venv\\Lib\\site-packages\\selenium\\webdriver\\remote\\webdriver.py\", line 347, in execute\n    self.error_handler.check_response(response)\n  File \"C:\\Users\\akbar.raza\\PycharmProjects\\FWU\\.venv\\Lib\\site-packages\\selenium\\webdriver\\remote\\errorhandler.py\", line 229, in check_response\n    raise exception_class(message, screen, stacktrace)\n","steps":[{"name":"Attach Screenshot","time":{"start":1717045724149,"stop":1717045724168,"duration":19},"status":"passed","steps":[],"attachments":[{"uid":"dc62cd12e439fabd","name":"screenshot698.png","source":"dc62cd12e439fabd.png","type":"image/png","size":144916}],"parameters":[],"shouldDisplayMessage":false,"attachmentsCount":1,"attachmentStep":false,"stepsCount":0,"hasContent":true}],"attachments":[],"parameters":[],"shouldDisplayMessage":true,"attachmentsCount":1,"attachmentStep":false,"stepsCount":1,"hasContent":true},{"name":"Then User created successfully","time":{"start":1717045751486,"stop":1717045751486,"duration":0},"status":"skipped","steps":[],"attachments":[],"parameters":[],"shouldDisplayMessage":false,"attachmentsCount":0,"attachmentStep":false,"stepsCount":0,"hasContent":false}],"attachments":[],"parameters":[],"shouldDisplayMessage":false,"attachmentsCount":2,"attachmentStep":false,"stepsCount":5,"hasContent":true},"afterStages":[],"labels":[{"name":"severity","value":"normal"},{"name":"tag","value":"adminusercreation"},{"name":"feature","value":"User Creation"},{"name":"framework","value":"behave"},{"name":"language","value":"cpython3"},{"name":"resultFormat","value":"allure2"}],"parameters":[],"links":[],"hidden":true,"retry":true,"extra":{"categories":[],"tags":["adminusercreation"]},"source":"75af36d4645d1774.json","parameterValues":[]}