{"uid":"91c91a6a7a279a22","name":"Change password of market admin user from user grid","fullName":"Change Password: Change password of market admin user from user grid","historyId":"7da4c804014f713229026a57b47dd20d","time":{"start":1717052098626,"stop":1717052148019,"duration":49393},"status":"broken","statusMessage":"selenium.common.exceptions.NoSuchElementException: Message: no such element: Unable to locate element: {\"method\":\"xpath\",\"selector\":\"//input[@type='text']\"}\n  (Session info: chrome=125.0.6422.113); For documentation on this error, please visit: https://www.selenium.dev/documentation/webdriver/troubleshooting/errors#no-such-element-exception\nStacktrace:\n\tGetHandleVerifier [0x00E5B793+45827]\n\t(No symbol) [0x00DEDB74]\n\t(No symbol) [0x00CE150F]\n\t(No symbol) [0x00D220BC]\n\t(No symbol) [0x00D2216B]\n\t(No symbol) [0x00D5E0F2]\n\t(No symbol) [0x00D42E44]\n\t(No symbol) [0x00D5C034]\n\t(No symbol) [0x00D42B96]\n\t(No symbol) [0x00D16998]\n\t(No symbol) [0x00D1751D]\n\tGetHandleVerifier [0x011143C3+2899763]\n\tGetHandleVerifier [0x011677ED+3240797]\n\tGetHandleVerifier [0x00EE1264+593364]\n\tGetHandleVerifier [0x00EE818C+621820]\n\t(No symbol) [0x00DF6F54]\n\t(No symbol) [0x00DF3658]\n\t(No symbol) [0x00DF37F7]\n\t(No symbol) [0x00DE58AE]\n\tBaseThreadInitThunk [0x777CFA29+25]\n\tRtlGetAppContainerNamedObjectPath [0x779175F4+228]\n\tRtlGetAppContainerNamedObjectPath [0x779175C4+180]\n\n","statusTrace":"  File \"C:\\Users\\akbar.raza\\PycharmProjects\\FWU\\.venv\\Lib\\site-packages\\behave\\model.py\", line 1329, in run\n    match.run(runner.context)\n  File \"C:\\Users\\akbar.raza\\PycharmProjects\\FWU\\.venv\\Lib\\site-packages\\behave\\matchers.py\", line 98, in run\n    self.func(context, *args, **kwargs)\n  File \"features\\steps\\test.py\", line 121, in changepassword\n    reusable_methods.input_action_xpath(context.driver, fwu_usercreation_elements.textbox_user_search, fwu_usercreation_inputs.searchuser)\n  File \"C:\\Users\\akbar.raza\\PycharmProjects\\FWU\\generic_methods\\reusable_methods.py\", line 37, in input_action_xpath\n    driver.find_element('xpath', element).clear()\n    ^^^^^^^^^^^^^^^^^^^^^^^^^^^^^^^^^^^^^\n  File \"C:\\Users\\akbar.raza\\PycharmProjects\\FWU\\.venv\\Lib\\site-packages\\selenium\\webdriver\\remote\\webdriver.py\", line 741, in find_element\n    return self.execute(Command.FIND_ELEMENT, {\"using\": by, \"value\": value})[\"value\"]\n           ^^^^^^^^^^^^^^^^^^^^^^^^^^^^^^^^^^^^^^^^^^^^^^^^^^^^^^^^^^^^^^^^^\n  File \"C:\\Users\\akbar.raza\\PycharmProjects\\FWU\\.venv\\Lib\\site-packages\\selenium\\webdriver\\remote\\webdriver.py\", line 347, in execute\n    self.error_handler.check_response(response)\n  File \"C:\\Users\\akbar.raza\\PycharmProjects\\FWU\\.venv\\Lib\\site-packages\\selenium\\webdriver\\remote\\errorhandler.py\", line 229, in check_response\n    raise exception_class(message, screen, stacktrace)\n","flaky":false,"newFailed":false,"newBroken":false,"newPassed":false,"retriesCount":0,"retriesStatusChange":false,"beforeStages":[],"testStage":{"status":"broken","statusMessage":"selenium.common.exceptions.NoSuchElementException: Message: no such element: Unable to locate element: {\"method\":\"xpath\",\"selector\":\"//input[@type='text']\"}\n  (Session info: chrome=125.0.6422.113); For documentation on this error, please visit: https://www.selenium.dev/documentation/webdriver/troubleshooting/errors#no-such-element-exception\nStacktrace:\n\tGetHandleVerifier [0x00E5B793+45827]\n\t(No symbol) [0x00DEDB74]\n\t(No symbol) [0x00CE150F]\n\t(No symbol) [0x00D220BC]\n\t(No symbol) [0x00D2216B]\n\t(No symbol) [0x00D5E0F2]\n\t(No symbol) [0x00D42E44]\n\t(No symbol) [0x00D5C034]\n\t(No symbol) [0x00D42B96]\n\t(No symbol) [0x00D16998]\n\t(No symbol) [0x00D1751D]\n\tGetHandleVerifier [0x011143C3+2899763]\n\tGetHandleVerifier [0x011677ED+3240797]\n\tGetHandleVerifier [0x00EE1264+593364]\n\tGetHandleVerifier [0x00EE818C+621820]\n\t(No symbol) [0x00DF6F54]\n\t(No symbol) [0x00DF3658]\n\t(No symbol) [0x00DF37F7]\n\t(No symbol) [0x00DE58AE]\n\tBaseThreadInitThunk [0x777CFA29+25]\n\tRtlGetAppContainerNamedObjectPath [0x779175F4+228]\n\tRtlGetAppContainerNamedObjectPath [0x779175C4+180]\n\n","statusTrace":"  File \"C:\\Users\\akbar.raza\\PycharmProjects\\FWU\\.venv\\Lib\\site-packages\\behave\\model.py\", line 1329, in run\n    match.run(runner.context)\n  File \"C:\\Users\\akbar.raza\\PycharmProjects\\FWU\\.venv\\Lib\\site-packages\\behave\\matchers.py\", line 98, in run\n    self.func(context, *args, **kwargs)\n  File \"features\\steps\\test.py\", line 121, in changepassword\n    reusable_methods.input_action_xpath(context.driver, fwu_usercreation_elements.textbox_user_search, fwu_usercreation_inputs.searchuser)\n  File \"C:\\Users\\akbar.raza\\PycharmProjects\\FWU\\generic_methods\\reusable_methods.py\", line 37, in input_action_xpath\n    driver.find_element('xpath', element).clear()\n    ^^^^^^^^^^^^^^^^^^^^^^^^^^^^^^^^^^^^^\n  File \"C:\\Users\\akbar.raza\\PycharmProjects\\FWU\\.venv\\Lib\\site-packages\\selenium\\webdriver\\remote\\webdriver.py\", line 741, in find_element\n    return self.execute(Command.FIND_ELEMENT, {\"using\": by, \"value\": value})[\"value\"]\n           ^^^^^^^^^^^^^^^^^^^^^^^^^^^^^^^^^^^^^^^^^^^^^^^^^^^^^^^^^^^^^^^^^\n  File \"C:\\Users\\akbar.raza\\PycharmProjects\\FWU\\.venv\\Lib\\site-packages\\selenium\\webdriver\\remote\\webdriver.py\", line 347, in execute\n    self.error_handler.check_response(response)\n  File \"C:\\Users\\akbar.raza\\PycharmProjects\\FWU\\.venv\\Lib\\site-packages\\selenium\\webdriver\\remote\\errorhandler.py\", line 229, in check_response\n    raise exception_class(message, screen, stacktrace)\n","steps":[{"name":"Given user logged in with nimda user","time":{"start":1717052101130,"stop":1717052123506,"duration":22376},"status":"passed","steps":[{"name":"Attach Screenshot","time":{"start":1717052121482,"stop":1717052121505,"duration":23},"status":"passed","steps":[],"attachments":[{"uid":"75c43ac0883f2b8e","name":"screenshot586.png","source":"75c43ac0883f2b8e.png","type":"image/png","size":108398}],"parameters":[],"shouldDisplayMessage":false,"attachmentsCount":1,"attachmentStep":false,"stepsCount":0,"hasContent":true}],"attachments":[],"parameters":[],"shouldDisplayMessage":false,"attachmentsCount":1,"attachmentStep":false,"stepsCount":1,"hasContent":true},{"name":"When changing the password of market admin user","time":{"start":1717052123506,"stop":1717052148019,"duration":24513},"status":"broken","statusMessage":"selenium.common.exceptions.NoSuchElementException: Message: no such element: Unable to locate element: {\"method\":\"xpath\",\"selector\":\"//input[@type='text']\"}\n  (Session info: chrome=125.0.6422.113); For documentation on this error, please visit: https://www.selenium.dev/documentation/webdriver/troubleshooting/errors#no-such-element-exception\nStacktrace:\n\tGetHandleVerifier [0x00E5B793+45827]\n\t(No symbol) [0x00DEDB74]\n\t(No symbol) [0x00CE150F]\n\t(No symbol) [0x00D220BC]\n\t(No symbol) [0x00D2216B]\n\t(No symbol) [0x00D5E0F2]\n\t(No symbol) [0x00D42E44]\n\t(No symbol) [0x00D5C034]\n\t(No symbol) [0x00D42B96]\n\t(No symbol) [0x00D16998]\n\t(No symbol) [0x00D1751D]\n\tGetHandleVerifier [0x011143C3+2899763]\n\tGetHandleVerifier [0x011677ED+3240797]\n\tGetHandleVerifier [0x00EE1264+593364]\n\tGetHandleVerifier [0x00EE818C+621820]\n\t(No symbol) [0x00DF6F54]\n\t(No symbol) [0x00DF3658]\n\t(No symbol) [0x00DF37F7]\n\t(No symbol) [0x00DE58AE]\n\tBaseThreadInitThunk [0x777CFA29+25]\n\tRtlGetAppContainerNamedObjectPath [0x779175F4+228]\n\tRtlGetAppContainerNamedObjectPath [0x779175C4+180]\n\n","statusTrace":"  File \"C:\\Users\\akbar.raza\\PycharmProjects\\FWU\\.venv\\Lib\\site-packages\\behave\\model.py\", line 1329, in run\n    match.run(runner.context)\n  File \"C:\\Users\\akbar.raza\\PycharmProjects\\FWU\\.venv\\Lib\\site-packages\\behave\\matchers.py\", line 98, in run\n    self.func(context, *args, **kwargs)\n  File \"features\\steps\\test.py\", line 121, in changepassword\n    reusable_methods.input_action_xpath(context.driver, fwu_usercreation_elements.textbox_user_search, fwu_usercreation_inputs.searchuser)\n  File \"C:\\Users\\akbar.raza\\PycharmProjects\\FWU\\generic_methods\\reusable_methods.py\", line 37, in input_action_xpath\n    driver.find_element('xpath', element).clear()\n    ^^^^^^^^^^^^^^^^^^^^^^^^^^^^^^^^^^^^^\n  File \"C:\\Users\\akbar.raza\\PycharmProjects\\FWU\\.venv\\Lib\\site-packages\\selenium\\webdriver\\remote\\webdriver.py\", line 741, in find_element\n    return self.execute(Command.FIND_ELEMENT, {\"using\": by, \"value\": value})[\"value\"]\n           ^^^^^^^^^^^^^^^^^^^^^^^^^^^^^^^^^^^^^^^^^^^^^^^^^^^^^^^^^^^^^^^^^\n  File \"C:\\Users\\akbar.raza\\PycharmProjects\\FWU\\.venv\\Lib\\site-packages\\selenium\\webdriver\\remote\\webdriver.py\", line 347, in execute\n    self.error_handler.check_response(response)\n  File \"C:\\Users\\akbar.raza\\PycharmProjects\\FWU\\.venv\\Lib\\site-packages\\selenium\\webdriver\\remote\\errorhandler.py\", line 229, in check_response\n    raise exception_class(message, screen, stacktrace)\n","steps":[{"name":"Attach Screenshot","time":{"start":1717052132943,"stop":1717052132943,"duration":0},"status":"passed","steps":[],"attachments":[{"uid":"6de3ba2cf6cf58c4","name":"screenshot257.png","source":"6de3ba2cf6cf58c4.png","type":"image/png","size":11314}],"parameters":[],"shouldDisplayMessage":false,"attachmentsCount":1,"attachmentStep":false,"stepsCount":0,"hasContent":true}],"attachments":[],"parameters":[],"shouldDisplayMessage":true,"attachmentsCount":1,"attachmentStep":false,"stepsCount":1,"hasContent":true},{"name":"Then market admin user logged in successfully","time":{"start":1717052148019,"stop":1717052148019,"duration":0},"status":"skipped","steps":[],"attachments":[],"parameters":[],"shouldDisplayMessage":false,"attachmentsCount":0,"attachmentStep":false,"stepsCount":0,"hasContent":false}],"attachments":[],"parameters":[],"shouldDisplayMessage":false,"attachmentsCount":2,"attachmentStep":false,"stepsCount":5,"hasContent":true},"afterStages":[],"labels":[{"name":"severity","value":"normal"},{"name":"tag","value":"changepwdmarketadmin"},{"name":"feature","value":"Change Password"},{"name":"framework","value":"behave"},{"name":"language","value":"cpython3"},{"name":"resultFormat","value":"allure2"}],"parameters":[],"links":[],"hidden":true,"retry":true,"extra":{"categories":[],"tags":["changepwdmarketadmin"]},"source":"91c91a6a7a279a22.json","parameterValues":[]}