{"uid":"b8073b20047b0b5b","name":"Admin user Login","fullName":"User login: Admin user Login","historyId":"e3e7f1721e504f6b1c5a653a6a85665c","time":{"start":1715942037238,"stop":1715942050208,"duration":12970},"status":"broken","statusMessage":"selenium.common.exceptions.InvalidArgumentException: Message: invalid argument: invalid locator\n  (Session info: chrome=125.0.6422.60)\nStacktrace:\n\tGetHandleVerifier [0x011B0B13+45059]\n\t(No symbol) [0x011468A4]\n\t(No symbol) [0x010414FF]\n\t(No symbol) [0x010818AF]\n\t(No symbol) [0x0108210B]\n\t(No symbol) [0x010BE022]\n\t(No symbol) [0x010A2DA4]\n\t(No symbol) [0x010BBF64]\n\t(No symbol) [0x010A2AF6]\n\t(No symbol) [0x01076948]\n\t(No symbol) [0x010774CD]\n\tGetHandleVerifier [0x0146F9A3+2924179]\n\tGetHandleVerifier [0x014C36ED+3267549]\n\tGetHandleVerifier [0x01234474+584036]\n\tGetHandleVerifier [0x0123B1DC+612044]\n\t(No symbol) [0x0114FAB4]\n\t(No symbol) [0x0114C358]\n\t(No symbol) [0x0114C4F7]\n\t(No symbol) [0x0113E46E]\n\tBaseThreadInitThunk [0x777CFA29+25]\n\tRtlGetAppContainerNamedObjectPath [0x779175F4+228]\n\tRtlGetAppContainerNamedObjectPath [0x779175C4+180]\n\n","statusTrace":"  File \"C:\\Users\\akbar.raza\\PycharmProjects\\FWU\\.venv\\Lib\\site-packages\\behave\\model.py\", line 1329, in run\n    match.run(runner.context)\n  File \"C:\\Users\\akbar.raza\\PycharmProjects\\FWU\\.venv\\Lib\\site-packages\\behave\\matchers.py\", line 98, in run\n    self.func(context, *args, **kwargs)\n  File \"features\\steps\\test.py\", line 24, in login\n    fwu_login_functions.cancel_message(context.driver, fwu_login_elements.button_cancel_message)\n  File \"C:\\Users\\akbar.raza\\PycharmProjects\\FWU\\Functions\\fwu_login_functions.py\", line 24, in cancel_message\n    driver.find_element('cssSelector', fwu_login_elements.button_cancel_message).click()\n    ^^^^^^^^^^^^^^^^^^^^^^^^^^^^^^^^^^^^^^^^^^^^^^^^^^^^^^^^^^^^^^^^^^^^^^^^^^^^\n  File \"C:\\Users\\akbar.raza\\PycharmProjects\\FWU\\.venv\\Lib\\site-packages\\selenium\\webdriver\\remote\\webdriver.py\", line 741, in find_element\n    return self.execute(Command.FIND_ELEMENT, {\"using\": by, \"value\": value})[\"value\"]\n           ^^^^^^^^^^^^^^^^^^^^^^^^^^^^^^^^^^^^^^^^^^^^^^^^^^^^^^^^^^^^^^^^^\n  File \"C:\\Users\\akbar.raza\\PycharmProjects\\FWU\\.venv\\Lib\\site-packages\\selenium\\webdriver\\remote\\webdriver.py\", line 347, in execute\n    self.error_handler.check_response(response)\n  File \"C:\\Users\\akbar.raza\\PycharmProjects\\FWU\\.venv\\Lib\\site-packages\\selenium\\webdriver\\remote\\errorhandler.py\", line 229, in check_response\n    raise exception_class(message, screen, stacktrace)\n","flaky":false,"newFailed":false,"newBroken":false,"newPassed":false,"retriesCount":0,"retriesStatusChange":false,"beforeStages":[],"testStage":{"status":"broken","statusMessage":"selenium.common.exceptions.InvalidArgumentException: Message: invalid argument: invalid locator\n  (Session info: chrome=125.0.6422.60)\nStacktrace:\n\tGetHandleVerifier [0x011B0B13+45059]\n\t(No symbol) [0x011468A4]\n\t(No symbol) [0x010414FF]\n\t(No symbol) [0x010818AF]\n\t(No symbol) [0x0108210B]\n\t(No symbol) [0x010BE022]\n\t(No symbol) [0x010A2DA4]\n\t(No symbol) [0x010BBF64]\n\t(No symbol) [0x010A2AF6]\n\t(No symbol) [0x01076948]\n\t(No symbol) [0x010774CD]\n\tGetHandleVerifier [0x0146F9A3+2924179]\n\tGetHandleVerifier [0x014C36ED+3267549]\n\tGetHandleVerifier [0x01234474+584036]\n\tGetHandleVerifier [0x0123B1DC+612044]\n\t(No symbol) [0x0114FAB4]\n\t(No symbol) [0x0114C358]\n\t(No symbol) [0x0114C4F7]\n\t(No symbol) [0x0113E46E]\n\tBaseThreadInitThunk [0x777CFA29+25]\n\tRtlGetAppContainerNamedObjectPath [0x779175F4+228]\n\tRtlGetAppContainerNamedObjectPath [0x779175C4+180]\n\n","statusTrace":"  File \"C:\\Users\\akbar.raza\\PycharmProjects\\FWU\\.venv\\Lib\\site-packages\\behave\\model.py\", line 1329, in run\n    match.run(runner.context)\n  File \"C:\\Users\\akbar.raza\\PycharmProjects\\FWU\\.venv\\Lib\\site-packages\\behave\\matchers.py\", line 98, in run\n    self.func(context, *args, **kwargs)\n  File \"features\\steps\\test.py\", line 24, in login\n    fwu_login_functions.cancel_message(context.driver, fwu_login_elements.button_cancel_message)\n  File \"C:\\Users\\akbar.raza\\PycharmProjects\\FWU\\Functions\\fwu_login_functions.py\", line 24, in cancel_message\n    driver.find_element('cssSelector', fwu_login_elements.button_cancel_message).click()\n    ^^^^^^^^^^^^^^^^^^^^^^^^^^^^^^^^^^^^^^^^^^^^^^^^^^^^^^^^^^^^^^^^^^^^^^^^^^^^\n  File \"C:\\Users\\akbar.raza\\PycharmProjects\\FWU\\.venv\\Lib\\site-packages\\selenium\\webdriver\\remote\\webdriver.py\", line 741, in find_element\n    return self.execute(Command.FIND_ELEMENT, {\"using\": by, \"value\": value})[\"value\"]\n           ^^^^^^^^^^^^^^^^^^^^^^^^^^^^^^^^^^^^^^^^^^^^^^^^^^^^^^^^^^^^^^^^^\n  File \"C:\\Users\\akbar.raza\\PycharmProjects\\FWU\\.venv\\Lib\\site-packages\\selenium\\webdriver\\remote\\webdriver.py\", line 347, in execute\n    self.error_handler.check_response(response)\n  File \"C:\\Users\\akbar.raza\\PycharmProjects\\FWU\\.venv\\Lib\\site-packages\\selenium\\webdriver\\remote\\errorhandler.py\", line 229, in check_response\n    raise exception_class(message, screen, stacktrace)\n","steps":[{"name":"When to verify that user logged in with valid credential","time":{"start":1715942037240,"stop":1715942050207,"duration":12967},"status":"broken","statusMessage":"selenium.common.exceptions.InvalidArgumentException: Message: invalid argument: invalid locator\n  (Session info: chrome=125.0.6422.60)\nStacktrace:\n\tGetHandleVerifier [0x011B0B13+45059]\n\t(No symbol) [0x011468A4]\n\t(No symbol) [0x010414FF]\n\t(No symbol) [0x010818AF]\n\t(No symbol) [0x0108210B]\n\t(No symbol) [0x010BE022]\n\t(No symbol) [0x010A2DA4]\n\t(No symbol) [0x010BBF64]\n\t(No symbol) [0x010A2AF6]\n\t(No symbol) [0x01076948]\n\t(No symbol) [0x010774CD]\n\tGetHandleVerifier [0x0146F9A3+2924179]\n\tGetHandleVerifier [0x014C36ED+3267549]\n\tGetHandleVerifier [0x01234474+584036]\n\tGetHandleVerifier [0x0123B1DC+612044]\n\t(No symbol) [0x0114FAB4]\n\t(No symbol) [0x0114C358]\n\t(No symbol) [0x0114C4F7]\n\t(No symbol) [0x0113E46E]\n\tBaseThreadInitThunk [0x777CFA29+25]\n\tRtlGetAppContainerNamedObjectPath [0x779175F4+228]\n\tRtlGetAppContainerNamedObjectPath [0x779175C4+180]\n\n","statusTrace":"  File \"C:\\Users\\akbar.raza\\PycharmProjects\\FWU\\.venv\\Lib\\site-packages\\behave\\model.py\", line 1329, in run\n    match.run(runner.context)\n  File \"C:\\Users\\akbar.raza\\PycharmProjects\\FWU\\.venv\\Lib\\site-packages\\behave\\matchers.py\", line 98, in run\n    self.func(context, *args, **kwargs)\n  File \"features\\steps\\test.py\", line 24, in login\n    fwu_login_functions.cancel_message(context.driver, fwu_login_elements.button_cancel_message)\n  File \"C:\\Users\\akbar.raza\\PycharmProjects\\FWU\\Functions\\fwu_login_functions.py\", line 24, in cancel_message\n    driver.find_element('cssSelector', fwu_login_elements.button_cancel_message).click()\n    ^^^^^^^^^^^^^^^^^^^^^^^^^^^^^^^^^^^^^^^^^^^^^^^^^^^^^^^^^^^^^^^^^^^^^^^^^^^^\n  File \"C:\\Users\\akbar.raza\\PycharmProjects\\FWU\\.venv\\Lib\\site-packages\\selenium\\webdriver\\remote\\webdriver.py\", line 741, in find_element\n    return self.execute(Command.FIND_ELEMENT, {\"using\": by, \"value\": value})[\"value\"]\n           ^^^^^^^^^^^^^^^^^^^^^^^^^^^^^^^^^^^^^^^^^^^^^^^^^^^^^^^^^^^^^^^^^\n  File \"C:\\Users\\akbar.raza\\PycharmProjects\\FWU\\.venv\\Lib\\site-packages\\selenium\\webdriver\\remote\\webdriver.py\", line 347, in execute\n    self.error_handler.check_response(response)\n  File \"C:\\Users\\akbar.raza\\PycharmProjects\\FWU\\.venv\\Lib\\site-packages\\selenium\\webdriver\\remote\\errorhandler.py\", line 229, in check_response\n    raise exception_class(message, screen, stacktrace)\n","steps":[],"attachments":[],"parameters":[],"shouldDisplayMessage":true,"attachmentsCount":0,"attachmentStep":false,"stepsCount":0,"hasContent":true},{"name":"Then user should be logged in successfully","time":{"start":1715942050208,"stop":1715942050208,"duration":0},"status":"skipped","steps":[],"attachments":[],"parameters":[],"shouldDisplayMessage":false,"attachmentsCount":0,"attachmentStep":false,"stepsCount":0,"hasContent":false}],"attachments":[],"parameters":[],"shouldDisplayMessage":false,"attachmentsCount":0,"attachmentStep":false,"stepsCount":2,"hasContent":true},"afterStages":[],"labels":[{"name":"severity","value":"normal"},{"name":"feature","value":"User login"},{"name":"framework","value":"behave"},{"name":"language","value":"cpython3"},{"name":"resultFormat","value":"allure2"}],"parameters":[],"links":[],"hidden":true,"retry":true,"extra":{"categories":[],"tags":[]},"source":"b8073b20047b0b5b.json","parameterValues":[]}