{"uid":"c2f152952fd53089","name":"Admin user Login","fullName":"User login: Admin user Login","historyId":"e3e7f1721e504f6b1c5a653a6a85665c","time":{"start":1715859225412,"stop":1715859230984,"duration":5572},"status":"broken","statusMessage":"selenium.common.exceptions.ElementClickInterceptedException: Message: element click intercepted: Element <div class=\"btn-text\" id=\"login-text-id\">...</div> is not clickable at point (590, 488). Other element would receive the click: <div class=\"MuiDialog-container-378 MuiDialog-scrollPaper-376\" role=\"none presentation\" tabindex=\"-1\" style=\"opacity: 1; transition: opacity 225ms cubic-bezier(0.4, 0, 0.2, 1) 0ms;\">...</div>\n  (Session info: chrome=124.0.6367.208)\nStacktrace:\n\tGetHandleVerifier [0x00F9C113+48259]\n\t(No symbol) [0x00F2CA41]\n\t(No symbol) [0x00E20A17]\n\t(No symbol) [0x00E669EC]\n\t(No symbol) [0x00E64E82]\n\t(No symbol) [0x00E62CEB]\n\t(No symbol) [0x00E622E7]\n\t(No symbol) [0x00E57389]\n\t(No symbol) [0x00E80D9C]\n\t(No symbol) [0x00E56E25]\n\t(No symbol) [0x00E81034]\n\t(No symbol) [0x00E99B9C]\n\t(No symbol) [0x00E80B36]\n\t(No symbol) [0x00E5570D]\n\t(No symbol) [0x00E562CD]\n\tGetHandleVerifier [0x012565A3+2908435]\n\tGetHandleVerifier [0x01293BBB+3159851]\n\tGetHandleVerifier [0x010350CB+674875]\n\tGetHandleVerifier [0x0103B28C+699900]\n\t(No symbol) [0x00F36244]\n\t(No symbol) [0x00F32298]\n\t(No symbol) [0x00F3242C]\n\t(No symbol) [0x00F24BB0]\n\tBaseThreadInitThunk [0x777CFA29+25]\n\tRtlGetAppContainerNamedObjectPath [0x779175F4+228]\n\tRtlGetAppContainerNamedObjectPath [0x779175C4+180]\n\n","statusTrace":"  File \"C:\\Users\\akbar.raza\\PycharmProjects\\FWU\\.venv\\Lib\\site-packages\\behave\\model.py\", line 1329, in run\n    match.run(runner.context)\n  File \"C:\\Users\\akbar.raza\\PycharmProjects\\FWU\\.venv\\Lib\\site-packages\\behave\\matchers.py\", line 98, in run\n    self.func(context, *args, **kwargs)\n  File \"features\\steps\\test.py\", line 16, in login\n    fwu_login_functions.login_button_click(context.driver, fwu_login_elements.button_cancel_id)\n  File \"C:\\Users\\akbar.raza\\PycharmProjects\\FWU\\Functions\\fwu_login_functions.py\", line 21, in login_button_click\n    driver.find_element('id', fwu_login_elements.button_login_id).click()\n  File \"C:\\Users\\akbar.raza\\PycharmProjects\\FWU\\.venv\\Lib\\site-packages\\selenium\\webdriver\\remote\\webelement.py\", line 94, in click\n    self._execute(Command.CLICK_ELEMENT)\n  File \"C:\\Users\\akbar.raza\\PycharmProjects\\FWU\\.venv\\Lib\\site-packages\\selenium\\webdriver\\remote\\webelement.py\", line 395, in _execute\n    return self._parent.execute(command, params)\n           ^^^^^^^^^^^^^^^^^^^^^^^^^^^^^^^^^^^^^\n  File \"C:\\Users\\akbar.raza\\PycharmProjects\\FWU\\.venv\\Lib\\site-packages\\selenium\\webdriver\\remote\\webdriver.py\", line 347, in execute\n    self.error_handler.check_response(response)\n  File \"C:\\Users\\akbar.raza\\PycharmProjects\\FWU\\.venv\\Lib\\site-packages\\selenium\\webdriver\\remote\\errorhandler.py\", line 229, in check_response\n    raise exception_class(message, screen, stacktrace)\n","flaky":false,"newFailed":false,"newBroken":false,"newPassed":false,"retriesCount":0,"retriesStatusChange":false,"beforeStages":[],"testStage":{"status":"broken","statusMessage":"selenium.common.exceptions.ElementClickInterceptedException: Message: element click intercepted: Element <div class=\"btn-text\" id=\"login-text-id\">...</div> is not clickable at point (590, 488). Other element would receive the click: <div class=\"MuiDialog-container-378 MuiDialog-scrollPaper-376\" role=\"none presentation\" tabindex=\"-1\" style=\"opacity: 1; transition: opacity 225ms cubic-bezier(0.4, 0, 0.2, 1) 0ms;\">...</div>\n  (Session info: chrome=124.0.6367.208)\nStacktrace:\n\tGetHandleVerifier [0x00F9C113+48259]\n\t(No symbol) [0x00F2CA41]\n\t(No symbol) [0x00E20A17]\n\t(No symbol) [0x00E669EC]\n\t(No symbol) [0x00E64E82]\n\t(No symbol) [0x00E62CEB]\n\t(No symbol) [0x00E622E7]\n\t(No symbol) [0x00E57389]\n\t(No symbol) [0x00E80D9C]\n\t(No symbol) [0x00E56E25]\n\t(No symbol) [0x00E81034]\n\t(No symbol) [0x00E99B9C]\n\t(No symbol) [0x00E80B36]\n\t(No symbol) [0x00E5570D]\n\t(No symbol) [0x00E562CD]\n\tGetHandleVerifier [0x012565A3+2908435]\n\tGetHandleVerifier [0x01293BBB+3159851]\n\tGetHandleVerifier [0x010350CB+674875]\n\tGetHandleVerifier [0x0103B28C+699900]\n\t(No symbol) [0x00F36244]\n\t(No symbol) [0x00F32298]\n\t(No symbol) [0x00F3242C]\n\t(No symbol) [0x00F24BB0]\n\tBaseThreadInitThunk [0x777CFA29+25]\n\tRtlGetAppContainerNamedObjectPath [0x779175F4+228]\n\tRtlGetAppContainerNamedObjectPath [0x779175C4+180]\n\n","statusTrace":"  File \"C:\\Users\\akbar.raza\\PycharmProjects\\FWU\\.venv\\Lib\\site-packages\\behave\\model.py\", line 1329, in run\n    match.run(runner.context)\n  File \"C:\\Users\\akbar.raza\\PycharmProjects\\FWU\\.venv\\Lib\\site-packages\\behave\\matchers.py\", line 98, in run\n    self.func(context, *args, **kwargs)\n  File \"features\\steps\\test.py\", line 16, in login\n    fwu_login_functions.login_button_click(context.driver, fwu_login_elements.button_cancel_id)\n  File \"C:\\Users\\akbar.raza\\PycharmProjects\\FWU\\Functions\\fwu_login_functions.py\", line 21, in login_button_click\n    driver.find_element('id', fwu_login_elements.button_login_id).click()\n  File \"C:\\Users\\akbar.raza\\PycharmProjects\\FWU\\.venv\\Lib\\site-packages\\selenium\\webdriver\\remote\\webelement.py\", line 94, in click\n    self._execute(Command.CLICK_ELEMENT)\n  File \"C:\\Users\\akbar.raza\\PycharmProjects\\FWU\\.venv\\Lib\\site-packages\\selenium\\webdriver\\remote\\webelement.py\", line 395, in _execute\n    return self._parent.execute(command, params)\n           ^^^^^^^^^^^^^^^^^^^^^^^^^^^^^^^^^^^^^\n  File \"C:\\Users\\akbar.raza\\PycharmProjects\\FWU\\.venv\\Lib\\site-packages\\selenium\\webdriver\\remote\\webdriver.py\", line 347, in execute\n    self.error_handler.check_response(response)\n  File \"C:\\Users\\akbar.raza\\PycharmProjects\\FWU\\.venv\\Lib\\site-packages\\selenium\\webdriver\\remote\\errorhandler.py\", line 229, in check_response\n    raise exception_class(message, screen, stacktrace)\n","steps":[{"name":"When to verify that user logged in with valid credential","time":{"start":1715859225415,"stop":1715859230980,"duration":5565},"status":"broken","statusMessage":"selenium.common.exceptions.ElementClickInterceptedException: Message: element click intercepted: Element <div class=\"btn-text\" id=\"login-text-id\">...</div> is not clickable at point (590, 488). Other element would receive the click: <div class=\"MuiDialog-container-378 MuiDialog-scrollPaper-376\" role=\"none presentation\" tabindex=\"-1\" style=\"opacity: 1; transition: opacity 225ms cubic-bezier(0.4, 0, 0.2, 1) 0ms;\">...</div>\n  (Session info: chrome=124.0.6367.208)\nStacktrace:\n\tGetHandleVerifier [0x00F9C113+48259]\n\t(No symbol) [0x00F2CA41]\n\t(No symbol) [0x00E20A17]\n\t(No symbol) [0x00E669EC]\n\t(No symbol) [0x00E64E82]\n\t(No symbol) [0x00E62CEB]\n\t(No symbol) [0x00E622E7]\n\t(No symbol) [0x00E57389]\n\t(No symbol) [0x00E80D9C]\n\t(No symbol) [0x00E56E25]\n\t(No symbol) [0x00E81034]\n\t(No symbol) [0x00E99B9C]\n\t(No symbol) [0x00E80B36]\n\t(No symbol) [0x00E5570D]\n\t(No symbol) [0x00E562CD]\n\tGetHandleVerifier [0x012565A3+2908435]\n\tGetHandleVerifier [0x01293BBB+3159851]\n\tGetHandleVerifier [0x010350CB+674875]\n\tGetHandleVerifier [0x0103B28C+699900]\n\t(No symbol) [0x00F36244]\n\t(No symbol) [0x00F32298]\n\t(No symbol) [0x00F3242C]\n\t(No symbol) [0x00F24BB0]\n\tBaseThreadInitThunk [0x777CFA29+25]\n\tRtlGetAppContainerNamedObjectPath [0x779175F4+228]\n\tRtlGetAppContainerNamedObjectPath [0x779175C4+180]\n\n","statusTrace":"  File \"C:\\Users\\akbar.raza\\PycharmProjects\\FWU\\.venv\\Lib\\site-packages\\behave\\model.py\", line 1329, in run\n    match.run(runner.context)\n  File \"C:\\Users\\akbar.raza\\PycharmProjects\\FWU\\.venv\\Lib\\site-packages\\behave\\matchers.py\", line 98, in run\n    self.func(context, *args, **kwargs)\n  File \"features\\steps\\test.py\", line 16, in login\n    fwu_login_functions.login_button_click(context.driver, fwu_login_elements.button_cancel_id)\n  File \"C:\\Users\\akbar.raza\\PycharmProjects\\FWU\\Functions\\fwu_login_functions.py\", line 21, in login_button_click\n    driver.find_element('id', fwu_login_elements.button_login_id).click()\n  File \"C:\\Users\\akbar.raza\\PycharmProjects\\FWU\\.venv\\Lib\\site-packages\\selenium\\webdriver\\remote\\webelement.py\", line 94, in click\n    self._execute(Command.CLICK_ELEMENT)\n  File \"C:\\Users\\akbar.raza\\PycharmProjects\\FWU\\.venv\\Lib\\site-packages\\selenium\\webdriver\\remote\\webelement.py\", line 395, in _execute\n    return self._parent.execute(command, params)\n           ^^^^^^^^^^^^^^^^^^^^^^^^^^^^^^^^^^^^^\n  File \"C:\\Users\\akbar.raza\\PycharmProjects\\FWU\\.venv\\Lib\\site-packages\\selenium\\webdriver\\remote\\webdriver.py\", line 347, in execute\n    self.error_handler.check_response(response)\n  File \"C:\\Users\\akbar.raza\\PycharmProjects\\FWU\\.venv\\Lib\\site-packages\\selenium\\webdriver\\remote\\errorhandler.py\", line 229, in check_response\n    raise exception_class(message, screen, stacktrace)\n","steps":[],"attachments":[],"parameters":[],"shouldDisplayMessage":true,"attachmentsCount":0,"attachmentStep":false,"stepsCount":0,"hasContent":true},{"name":"Then user should be logged in successfully","time":{"start":1715859230984,"stop":1715859230984,"duration":0},"status":"skipped","steps":[],"attachments":[],"parameters":[],"shouldDisplayMessage":false,"attachmentsCount":0,"attachmentStep":false,"stepsCount":0,"hasContent":false}],"attachments":[],"parameters":[],"shouldDisplayMessage":false,"attachmentsCount":0,"attachmentStep":false,"stepsCount":2,"hasContent":true},"afterStages":[],"labels":[{"name":"severity","value":"normal"},{"name":"feature","value":"User login"},{"name":"framework","value":"behave"},{"name":"language","value":"cpython3"},{"name":"resultFormat","value":"allure2"}],"parameters":[],"links":[],"hidden":true,"retry":true,"extra":{"categories":[],"tags":[]},"source":"c2f152952fd53089.json","parameterValues":[]}