{"uid":"c949a0d2e64bbe85","name":"Admin user Login","fullName":"User login: Admin user Login","historyId":"e3e7f1721e504f6b1c5a653a6a85665c","time":{"start":1716371113597,"stop":1716371125642,"duration":12045},"status":"broken","statusMessage":"selenium.common.exceptions.NoAlertPresentException: Message: no such alert\n  (Session info: chrome=125.0.6422.60)\nStacktrace:\n\tGetHandleVerifier [0x00B2B793+45827]\n\t(No symbol) [0x00ABDB74]\n\t(No symbol) [0x009B138D]\n\t(No symbol) [0x009A30A4]\n\t(No symbol) [0x009CDD09]\n\t(No symbol) [0x00A12E94]\n\t(No symbol) [0x009CDB61]\n\t(No symbol) [0x00A12B96]\n\t(No symbol) [0x009E6998]\n\t(No symbol) [0x009E751D]\n\tGetHandleVerifier [0x00DE43C3+2899763]\n\tGetHandleVerifier [0x00E377ED+3240797]\n\tGetHandleVerifier [0x00BB1264+593364]\n\tGetHandleVerifier [0x00BB818C+621820]\n\t(No symbol) [0x00AC6F54]\n\t(No symbol) [0x00AC3658]\n\t(No symbol) [0x00AC37F7]\n\t(No symbol) [0x00AB58AE]\n\tBaseThreadInitThunk [0x777CFA29+25]\n\tRtlGetAppContainerNamedObjectPath [0x779175F4+228]\n\tRtlGetAppContainerNamedObjectPath [0x779175C4+180]\n\n","statusTrace":"  File \"C:\\Users\\akbar.raza\\PycharmProjects\\FWU\\.venv\\Lib\\site-packages\\behave\\model.py\", line 1329, in run\n    match.run(runner.context)\n  File \"C:\\Users\\akbar.raza\\PycharmProjects\\FWU\\.venv\\Lib\\site-packages\\behave\\matchers.py\", line 98, in run\n    self.func(context, *args, **kwargs)\n  File \"features\\steps\\test.py\", line 24, in login\n    context.driver.switch_to.alert.dismiss()\n    ^^^^^^^^^^^^^^^^^^^^^^^^^^^^^^\n  File \"C:\\Users\\akbar.raza\\PycharmProjects\\FWU\\.venv\\Lib\\site-packages\\selenium\\webdriver\\remote\\switch_to.py\", line 58, in alert\n    _ = alert.text\n        ^^^^^^^^^^\n  File \"C:\\Users\\akbar.raza\\PycharmProjects\\FWU\\.venv\\Lib\\site-packages\\selenium\\webdriver\\common\\alert.py\", line 58, in text\n    return self.driver.execute(Command.W3C_GET_ALERT_TEXT)[\"value\"]\n           ^^^^^^^^^^^^^^^^^^^^^^^^^^^^^^^^^^^^^^^^^^^^^^^\n  File \"C:\\Users\\akbar.raza\\PycharmProjects\\FWU\\.venv\\Lib\\site-packages\\selenium\\webdriver\\remote\\webdriver.py\", line 347, in execute\n    self.error_handler.check_response(response)\n  File \"C:\\Users\\akbar.raza\\PycharmProjects\\FWU\\.venv\\Lib\\site-packages\\selenium\\webdriver\\remote\\errorhandler.py\", line 229, in check_response\n    raise exception_class(message, screen, stacktrace)\n","flaky":false,"newFailed":false,"newBroken":false,"newPassed":false,"retriesCount":0,"retriesStatusChange":false,"beforeStages":[],"testStage":{"status":"broken","statusMessage":"selenium.common.exceptions.NoAlertPresentException: Message: no such alert\n  (Session info: chrome=125.0.6422.60)\nStacktrace:\n\tGetHandleVerifier [0x00B2B793+45827]\n\t(No symbol) [0x00ABDB74]\n\t(No symbol) [0x009B138D]\n\t(No symbol) [0x009A30A4]\n\t(No symbol) [0x009CDD09]\n\t(No symbol) [0x00A12E94]\n\t(No symbol) [0x009CDB61]\n\t(No symbol) [0x00A12B96]\n\t(No symbol) [0x009E6998]\n\t(No symbol) [0x009E751D]\n\tGetHandleVerifier [0x00DE43C3+2899763]\n\tGetHandleVerifier [0x00E377ED+3240797]\n\tGetHandleVerifier [0x00BB1264+593364]\n\tGetHandleVerifier [0x00BB818C+621820]\n\t(No symbol) [0x00AC6F54]\n\t(No symbol) [0x00AC3658]\n\t(No symbol) [0x00AC37F7]\n\t(No symbol) [0x00AB58AE]\n\tBaseThreadInitThunk [0x777CFA29+25]\n\tRtlGetAppContainerNamedObjectPath [0x779175F4+228]\n\tRtlGetAppContainerNamedObjectPath [0x779175C4+180]\n\n","statusTrace":"  File \"C:\\Users\\akbar.raza\\PycharmProjects\\FWU\\.venv\\Lib\\site-packages\\behave\\model.py\", line 1329, in run\n    match.run(runner.context)\n  File \"C:\\Users\\akbar.raza\\PycharmProjects\\FWU\\.venv\\Lib\\site-packages\\behave\\matchers.py\", line 98, in run\n    self.func(context, *args, **kwargs)\n  File \"features\\steps\\test.py\", line 24, in login\n    context.driver.switch_to.alert.dismiss()\n    ^^^^^^^^^^^^^^^^^^^^^^^^^^^^^^\n  File \"C:\\Users\\akbar.raza\\PycharmProjects\\FWU\\.venv\\Lib\\site-packages\\selenium\\webdriver\\remote\\switch_to.py\", line 58, in alert\n    _ = alert.text\n        ^^^^^^^^^^\n  File \"C:\\Users\\akbar.raza\\PycharmProjects\\FWU\\.venv\\Lib\\site-packages\\selenium\\webdriver\\common\\alert.py\", line 58, in text\n    return self.driver.execute(Command.W3C_GET_ALERT_TEXT)[\"value\"]\n           ^^^^^^^^^^^^^^^^^^^^^^^^^^^^^^^^^^^^^^^^^^^^^^^\n  File \"C:\\Users\\akbar.raza\\PycharmProjects\\FWU\\.venv\\Lib\\site-packages\\selenium\\webdriver\\remote\\webdriver.py\", line 347, in execute\n    self.error_handler.check_response(response)\n  File \"C:\\Users\\akbar.raza\\PycharmProjects\\FWU\\.venv\\Lib\\site-packages\\selenium\\webdriver\\remote\\errorhandler.py\", line 229, in check_response\n    raise exception_class(message, screen, stacktrace)\n","steps":[{"name":"When user logged in with valid credential","time":{"start":1716371113600,"stop":1716371125638,"duration":12038},"status":"broken","statusMessage":"selenium.common.exceptions.NoAlertPresentException: Message: no such alert\n  (Session info: chrome=125.0.6422.60)\nStacktrace:\n\tGetHandleVerifier [0x00B2B793+45827]\n\t(No symbol) [0x00ABDB74]\n\t(No symbol) [0x009B138D]\n\t(No symbol) [0x009A30A4]\n\t(No symbol) [0x009CDD09]\n\t(No symbol) [0x00A12E94]\n\t(No symbol) [0x009CDB61]\n\t(No symbol) [0x00A12B96]\n\t(No symbol) [0x009E6998]\n\t(No symbol) [0x009E751D]\n\tGetHandleVerifier [0x00DE43C3+2899763]\n\tGetHandleVerifier [0x00E377ED+3240797]\n\tGetHandleVerifier [0x00BB1264+593364]\n\tGetHandleVerifier [0x00BB818C+621820]\n\t(No symbol) [0x00AC6F54]\n\t(No symbol) [0x00AC3658]\n\t(No symbol) [0x00AC37F7]\n\t(No symbol) [0x00AB58AE]\n\tBaseThreadInitThunk [0x777CFA29+25]\n\tRtlGetAppContainerNamedObjectPath [0x779175F4+228]\n\tRtlGetAppContainerNamedObjectPath [0x779175C4+180]\n\n","statusTrace":"  File \"C:\\Users\\akbar.raza\\PycharmProjects\\FWU\\.venv\\Lib\\site-packages\\behave\\model.py\", line 1329, in run\n    match.run(runner.context)\n  File \"C:\\Users\\akbar.raza\\PycharmProjects\\FWU\\.venv\\Lib\\site-packages\\behave\\matchers.py\", line 98, in run\n    self.func(context, *args, **kwargs)\n  File \"features\\steps\\test.py\", line 24, in login\n    context.driver.switch_to.alert.dismiss()\n    ^^^^^^^^^^^^^^^^^^^^^^^^^^^^^^\n  File \"C:\\Users\\akbar.raza\\PycharmProjects\\FWU\\.venv\\Lib\\site-packages\\selenium\\webdriver\\remote\\switch_to.py\", line 58, in alert\n    _ = alert.text\n        ^^^^^^^^^^\n  File \"C:\\Users\\akbar.raza\\PycharmProjects\\FWU\\.venv\\Lib\\site-packages\\selenium\\webdriver\\common\\alert.py\", line 58, in text\n    return self.driver.execute(Command.W3C_GET_ALERT_TEXT)[\"value\"]\n           ^^^^^^^^^^^^^^^^^^^^^^^^^^^^^^^^^^^^^^^^^^^^^^^\n  File \"C:\\Users\\akbar.raza\\PycharmProjects\\FWU\\.venv\\Lib\\site-packages\\selenium\\webdriver\\remote\\webdriver.py\", line 347, in execute\n    self.error_handler.check_response(response)\n  File \"C:\\Users\\akbar.raza\\PycharmProjects\\FWU\\.venv\\Lib\\site-packages\\selenium\\webdriver\\remote\\errorhandler.py\", line 229, in check_response\n    raise exception_class(message, screen, stacktrace)\n","steps":[],"attachments":[],"parameters":[],"shouldDisplayMessage":true,"attachmentsCount":0,"attachmentStep":false,"stepsCount":0,"hasContent":true},{"name":"Then user should be logged out successfully","time":{"start":1716371125642,"stop":1716371125642,"duration":0},"status":"skipped","steps":[],"attachments":[],"parameters":[],"shouldDisplayMessage":false,"attachmentsCount":0,"attachmentStep":false,"stepsCount":0,"hasContent":false}],"attachments":[],"parameters":[],"shouldDisplayMessage":false,"attachmentsCount":0,"attachmentStep":false,"stepsCount":2,"hasContent":true},"afterStages":[],"labels":[{"name":"severity","value":"normal"},{"name":"tag","value":"validcred"},{"name":"feature","value":"User login"},{"name":"framework","value":"behave"},{"name":"language","value":"cpython3"},{"name":"resultFormat","value":"allure2"}],"parameters":[],"links":[],"hidden":true,"retry":true,"extra":{"categories":[],"tags":["validcred"]},"source":"c949a0d2e64bbe85.json","parameterValues":[]}