{"uid":"d185a69962c2f2c6","name":"Admin user Login","fullName":"User login: Admin user Login","historyId":"e3e7f1721e504f6b1c5a653a6a85665c","time":{"start":1715837311736,"stop":1715837327417,"duration":15681},"status":"broken","statusMessage":"selenium.common.exceptions.NoAlertPresentException: Message: no such alert\n  (Session info: chrome=124.0.6367.208)\nStacktrace:\n\tGetHandleVerifier [0x0054C113+48259]\n\t(No symbol) [0x004DCA41]\n\t(No symbol) [0x003D08A3]\n\t(No symbol) [0x003C2C44]\n\t(No symbol) [0x003ECEF9]\n\t(No symbol) [0x00430E34]\n\t(No symbol) [0x003ECD51]\n\t(No symbol) [0x00430B36]\n\t(No symbol) [0x0040570D]\n\t(No symbol) [0x004062CD]\n\tGetHandleVerifier [0x008065A3+2908435]\n\tGetHandleVerifier [0x00843BBB+3159851]\n\tGetHandleVerifier [0x005E50CB+674875]\n\tGetHandleVerifier [0x005EB28C+699900]\n\t(No symbol) [0x004E6244]\n\t(No symbol) [0x004E2298]\n\t(No symbol) [0x004E242C]\n\t(No symbol) [0x004D4BB0]\n\tBaseThreadInitThunk [0x777CFA29+25]\n\tRtlGetAppContainerNamedObjectPath [0x779175F4+228]\n\tRtlGetAppContainerNamedObjectPath [0x779175C4+180]\n\n","statusTrace":"  File \"C:\\Users\\akbar.raza\\PycharmProjects\\FWU\\.venv\\Lib\\site-packages\\behave\\model.py\", line 1329, in run\n    match.run(runner.context)\n  File \"C:\\Users\\akbar.raza\\PycharmProjects\\FWU\\.venv\\Lib\\site-packages\\behave\\matchers.py\", line 98, in run\n    self.func(context, *args, **kwargs)\n  File \"features\\steps\\test.py\", line 25, in step_impl\n    context.driver.switch_to.alert.dismiss()\n    ^^^^^^^^^^^^^^^^^^^^^^^^^^^^^^\n  File \"C:\\Users\\akbar.raza\\PycharmProjects\\FWU\\.venv\\Lib\\site-packages\\selenium\\webdriver\\remote\\switch_to.py\", line 58, in alert\n    _ = alert.text\n        ^^^^^^^^^^\n  File \"C:\\Users\\akbar.raza\\PycharmProjects\\FWU\\.venv\\Lib\\site-packages\\selenium\\webdriver\\common\\alert.py\", line 58, in text\n    return self.driver.execute(Command.W3C_GET_ALERT_TEXT)[\"value\"]\n           ^^^^^^^^^^^^^^^^^^^^^^^^^^^^^^^^^^^^^^^^^^^^^^^\n  File \"C:\\Users\\akbar.raza\\PycharmProjects\\FWU\\.venv\\Lib\\site-packages\\selenium\\webdriver\\remote\\webdriver.py\", line 347, in execute\n    self.error_handler.check_response(response)\n  File \"C:\\Users\\akbar.raza\\PycharmProjects\\FWU\\.venv\\Lib\\site-packages\\selenium\\webdriver\\remote\\errorhandler.py\", line 229, in check_response\n    raise exception_class(message, screen, stacktrace)\n","flaky":false,"newFailed":false,"newBroken":false,"newPassed":false,"retriesCount":0,"retriesStatusChange":false,"beforeStages":[],"testStage":{"status":"broken","statusMessage":"selenium.common.exceptions.NoAlertPresentException: Message: no such alert\n  (Session info: chrome=124.0.6367.208)\nStacktrace:\n\tGetHandleVerifier [0x0054C113+48259]\n\t(No symbol) [0x004DCA41]\n\t(No symbol) [0x003D08A3]\n\t(No symbol) [0x003C2C44]\n\t(No symbol) [0x003ECEF9]\n\t(No symbol) [0x00430E34]\n\t(No symbol) [0x003ECD51]\n\t(No symbol) [0x00430B36]\n\t(No symbol) [0x0040570D]\n\t(No symbol) [0x004062CD]\n\tGetHandleVerifier [0x008065A3+2908435]\n\tGetHandleVerifier [0x00843BBB+3159851]\n\tGetHandleVerifier [0x005E50CB+674875]\n\tGetHandleVerifier [0x005EB28C+699900]\n\t(No symbol) [0x004E6244]\n\t(No symbol) [0x004E2298]\n\t(No symbol) [0x004E242C]\n\t(No symbol) [0x004D4BB0]\n\tBaseThreadInitThunk [0x777CFA29+25]\n\tRtlGetAppContainerNamedObjectPath [0x779175F4+228]\n\tRtlGetAppContainerNamedObjectPath [0x779175C4+180]\n\n","statusTrace":"  File \"C:\\Users\\akbar.raza\\PycharmProjects\\FWU\\.venv\\Lib\\site-packages\\behave\\model.py\", line 1329, in run\n    match.run(runner.context)\n  File \"C:\\Users\\akbar.raza\\PycharmProjects\\FWU\\.venv\\Lib\\site-packages\\behave\\matchers.py\", line 98, in run\n    self.func(context, *args, **kwargs)\n  File \"features\\steps\\test.py\", line 25, in step_impl\n    context.driver.switch_to.alert.dismiss()\n    ^^^^^^^^^^^^^^^^^^^^^^^^^^^^^^\n  File \"C:\\Users\\akbar.raza\\PycharmProjects\\FWU\\.venv\\Lib\\site-packages\\selenium\\webdriver\\remote\\switch_to.py\", line 58, in alert\n    _ = alert.text\n        ^^^^^^^^^^\n  File \"C:\\Users\\akbar.raza\\PycharmProjects\\FWU\\.venv\\Lib\\site-packages\\selenium\\webdriver\\common\\alert.py\", line 58, in text\n    return self.driver.execute(Command.W3C_GET_ALERT_TEXT)[\"value\"]\n           ^^^^^^^^^^^^^^^^^^^^^^^^^^^^^^^^^^^^^^^^^^^^^^^\n  File \"C:\\Users\\akbar.raza\\PycharmProjects\\FWU\\.venv\\Lib\\site-packages\\selenium\\webdriver\\remote\\webdriver.py\", line 347, in execute\n    self.error_handler.check_response(response)\n  File \"C:\\Users\\akbar.raza\\PycharmProjects\\FWU\\.venv\\Lib\\site-packages\\selenium\\webdriver\\remote\\errorhandler.py\", line 229, in check_response\n    raise exception_class(message, screen, stacktrace)\n","steps":[{"name":"When to verify that user logged in with valid credential","time":{"start":1715837311739,"stop":1715837327409,"duration":15670},"status":"broken","statusMessage":"selenium.common.exceptions.NoAlertPresentException: Message: no such alert\n  (Session info: chrome=124.0.6367.208)\nStacktrace:\n\tGetHandleVerifier [0x0054C113+48259]\n\t(No symbol) [0x004DCA41]\n\t(No symbol) [0x003D08A3]\n\t(No symbol) [0x003C2C44]\n\t(No symbol) [0x003ECEF9]\n\t(No symbol) [0x00430E34]\n\t(No symbol) [0x003ECD51]\n\t(No symbol) [0x00430B36]\n\t(No symbol) [0x0040570D]\n\t(No symbol) [0x004062CD]\n\tGetHandleVerifier [0x008065A3+2908435]\n\tGetHandleVerifier [0x00843BBB+3159851]\n\tGetHandleVerifier [0x005E50CB+674875]\n\tGetHandleVerifier [0x005EB28C+699900]\n\t(No symbol) [0x004E6244]\n\t(No symbol) [0x004E2298]\n\t(No symbol) [0x004E242C]\n\t(No symbol) [0x004D4BB0]\n\tBaseThreadInitThunk [0x777CFA29+25]\n\tRtlGetAppContainerNamedObjectPath [0x779175F4+228]\n\tRtlGetAppContainerNamedObjectPath [0x779175C4+180]\n\n","statusTrace":"  File \"C:\\Users\\akbar.raza\\PycharmProjects\\FWU\\.venv\\Lib\\site-packages\\behave\\model.py\", line 1329, in run\n    match.run(runner.context)\n  File \"C:\\Users\\akbar.raza\\PycharmProjects\\FWU\\.venv\\Lib\\site-packages\\behave\\matchers.py\", line 98, in run\n    self.func(context, *args, **kwargs)\n  File \"features\\steps\\test.py\", line 25, in step_impl\n    context.driver.switch_to.alert.dismiss()\n    ^^^^^^^^^^^^^^^^^^^^^^^^^^^^^^\n  File \"C:\\Users\\akbar.raza\\PycharmProjects\\FWU\\.venv\\Lib\\site-packages\\selenium\\webdriver\\remote\\switch_to.py\", line 58, in alert\n    _ = alert.text\n        ^^^^^^^^^^\n  File \"C:\\Users\\akbar.raza\\PycharmProjects\\FWU\\.venv\\Lib\\site-packages\\selenium\\webdriver\\common\\alert.py\", line 58, in text\n    return self.driver.execute(Command.W3C_GET_ALERT_TEXT)[\"value\"]\n           ^^^^^^^^^^^^^^^^^^^^^^^^^^^^^^^^^^^^^^^^^^^^^^^\n  File \"C:\\Users\\akbar.raza\\PycharmProjects\\FWU\\.venv\\Lib\\site-packages\\selenium\\webdriver\\remote\\webdriver.py\", line 347, in execute\n    self.error_handler.check_response(response)\n  File \"C:\\Users\\akbar.raza\\PycharmProjects\\FWU\\.venv\\Lib\\site-packages\\selenium\\webdriver\\remote\\errorhandler.py\", line 229, in check_response\n    raise exception_class(message, screen, stacktrace)\n","steps":[],"attachments":[],"parameters":[],"shouldDisplayMessage":true,"attachmentsCount":0,"attachmentStep":false,"stepsCount":0,"hasContent":true},{"name":"Then user should be logged in successfully","time":{"start":1715837327417,"stop":1715837327417,"duration":0},"status":"skipped","steps":[],"attachments":[],"parameters":[],"shouldDisplayMessage":false,"attachmentsCount":0,"attachmentStep":false,"stepsCount":0,"hasContent":false}],"attachments":[],"parameters":[],"shouldDisplayMessage":false,"attachmentsCount":0,"attachmentStep":false,"stepsCount":2,"hasContent":true},"afterStages":[],"labels":[{"name":"severity","value":"normal"},{"name":"feature","value":"User login"},{"name":"framework","value":"behave"},{"name":"language","value":"cpython3"},{"name":"resultFormat","value":"allure2"}],"parameters":[],"links":[],"hidden":true,"retry":true,"extra":{"categories":[],"tags":[]},"source":"d185a69962c2f2c6.json","parameterValues":[]}