{"uid":"d37b2865e81a043a","name":"Market Admin can be created through NIMDA user","fullName":"User Creation: Market Admin can be created through NIMDA user","historyId":"6f0087f48ee2e7660f5a1fc47a218a6d","time":{"start":1716987308818,"stop":1716987356712,"duration":47894},"status":"broken","statusMessage":"selenium.common.exceptions.NoSuchElementException: Message: no such element: Unable to locate element: {\"method\":\"xpath\",\"selector\":\"//input[@class='MuiSelect-nativeInput-2332']\"}\n  (Session info: chrome=125.0.6422.78); For documentation on this error, please visit: https://www.selenium.dev/documentation/webdriver/troubleshooting/errors#no-such-element-exception\nStacktrace:\n\tGetHandleVerifier [0x00BAB793+45827]\n\t(No symbol) [0x00B3DB74]\n\t(No symbol) [0x00A3150F]\n\t(No symbol) [0x00A720BC]\n\t(No symbol) [0x00A7216B]\n\t(No symbol) [0x00AAE0F2]\n\t(No symbol) [0x00A92E44]\n\t(No symbol) [0x00AAC034]\n\t(No symbol) [0x00A92B96]\n\t(No symbol) [0x00A66998]\n\t(No symbol) [0x00A6751D]\n\tGetHandleVerifier [0x00E643C3+2899763]\n\tGetHandleVerifier [0x00EB77ED+3240797]\n\tGetHandleVerifier [0x00C31264+593364]\n\tGetHandleVerifier [0x00C3818C+621820]\n\t(No symbol) [0x00B46F54]\n\t(No symbol) [0x00B43658]\n\t(No symbol) [0x00B437F7]\n\t(No symbol) [0x00B358AE]\n\tBaseThreadInitThunk [0x777CFA29+25]\n\tRtlGetAppContainerNamedObjectPath [0x779175F4+228]\n\tRtlGetAppContainerNamedObjectPath [0x779175C4+180]\n\n","statusTrace":"  File \"C:\\Users\\akbar.raza\\PycharmProjects\\FWU\\.venv\\Lib\\site-packages\\behave\\model.py\", line 1329, in run\n    match.run(runner.context)\n  File \"C:\\Users\\akbar.raza\\PycharmProjects\\FWU\\.venv\\Lib\\site-packages\\behave\\matchers.py\", line 98, in run\n    self.func(context, *args, **kwargs)\n  File \"features\\steps\\test.py\", line 86, in usercreation\n    reusable_methods.click_action_xpath(context.driver, fwu_usercreation_elements.dropdown_salutation)\n  File \"C:\\Users\\akbar.raza\\PycharmProjects\\FWU\\generic_methods\\reusable_methods.py\", line 47, in click_action_xpath\n    driver.find_element('xpath',element).click()\n    ^^^^^^^^^^^^^^^^^^^^^^^^^^^^^^^^^^^^\n  File \"C:\\Users\\akbar.raza\\PycharmProjects\\FWU\\.venv\\Lib\\site-packages\\selenium\\webdriver\\remote\\webdriver.py\", line 741, in find_element\n    return self.execute(Command.FIND_ELEMENT, {\"using\": by, \"value\": value})[\"value\"]\n           ^^^^^^^^^^^^^^^^^^^^^^^^^^^^^^^^^^^^^^^^^^^^^^^^^^^^^^^^^^^^^^^^^\n  File \"C:\\Users\\akbar.raza\\PycharmProjects\\FWU\\.venv\\Lib\\site-packages\\selenium\\webdriver\\remote\\webdriver.py\", line 347, in execute\n    self.error_handler.check_response(response)\n  File \"C:\\Users\\akbar.raza\\PycharmProjects\\FWU\\.venv\\Lib\\site-packages\\selenium\\webdriver\\remote\\errorhandler.py\", line 229, in check_response\n    raise exception_class(message, screen, stacktrace)\n","flaky":false,"newFailed":false,"newBroken":false,"newPassed":false,"retriesCount":0,"retriesStatusChange":false,"beforeStages":[],"testStage":{"status":"broken","statusMessage":"selenium.common.exceptions.NoSuchElementException: Message: no such element: Unable to locate element: {\"method\":\"xpath\",\"selector\":\"//input[@class='MuiSelect-nativeInput-2332']\"}\n  (Session info: chrome=125.0.6422.78); For documentation on this error, please visit: https://www.selenium.dev/documentation/webdriver/troubleshooting/errors#no-such-element-exception\nStacktrace:\n\tGetHandleVerifier [0x00BAB793+45827]\n\t(No symbol) [0x00B3DB74]\n\t(No symbol) [0x00A3150F]\n\t(No symbol) [0x00A720BC]\n\t(No symbol) [0x00A7216B]\n\t(No symbol) [0x00AAE0F2]\n\t(No symbol) [0x00A92E44]\n\t(No symbol) [0x00AAC034]\n\t(No symbol) [0x00A92B96]\n\t(No symbol) [0x00A66998]\n\t(No symbol) [0x00A6751D]\n\tGetHandleVerifier [0x00E643C3+2899763]\n\tGetHandleVerifier [0x00EB77ED+3240797]\n\tGetHandleVerifier [0x00C31264+593364]\n\tGetHandleVerifier [0x00C3818C+621820]\n\t(No symbol) [0x00B46F54]\n\t(No symbol) [0x00B43658]\n\t(No symbol) [0x00B437F7]\n\t(No symbol) [0x00B358AE]\n\tBaseThreadInitThunk [0x777CFA29+25]\n\tRtlGetAppContainerNamedObjectPath [0x779175F4+228]\n\tRtlGetAppContainerNamedObjectPath [0x779175C4+180]\n\n","statusTrace":"  File \"C:\\Users\\akbar.raza\\PycharmProjects\\FWU\\.venv\\Lib\\site-packages\\behave\\model.py\", line 1329, in run\n    match.run(runner.context)\n  File \"C:\\Users\\akbar.raza\\PycharmProjects\\FWU\\.venv\\Lib\\site-packages\\behave\\matchers.py\", line 98, in run\n    self.func(context, *args, **kwargs)\n  File \"features\\steps\\test.py\", line 86, in usercreation\n    reusable_methods.click_action_xpath(context.driver, fwu_usercreation_elements.dropdown_salutation)\n  File \"C:\\Users\\akbar.raza\\PycharmProjects\\FWU\\generic_methods\\reusable_methods.py\", line 47, in click_action_xpath\n    driver.find_element('xpath',element).click()\n    ^^^^^^^^^^^^^^^^^^^^^^^^^^^^^^^^^^^^\n  File \"C:\\Users\\akbar.raza\\PycharmProjects\\FWU\\.venv\\Lib\\site-packages\\selenium\\webdriver\\remote\\webdriver.py\", line 741, in find_element\n    return self.execute(Command.FIND_ELEMENT, {\"using\": by, \"value\": value})[\"value\"]\n           ^^^^^^^^^^^^^^^^^^^^^^^^^^^^^^^^^^^^^^^^^^^^^^^^^^^^^^^^^^^^^^^^^\n  File \"C:\\Users\\akbar.raza\\PycharmProjects\\FWU\\.venv\\Lib\\site-packages\\selenium\\webdriver\\remote\\webdriver.py\", line 347, in execute\n    self.error_handler.check_response(response)\n  File \"C:\\Users\\akbar.raza\\PycharmProjects\\FWU\\.venv\\Lib\\site-packages\\selenium\\webdriver\\remote\\errorhandler.py\", line 229, in check_response\n    raise exception_class(message, screen, stacktrace)\n","steps":[{"name":"Given NIMDA user logged in with valid credential","time":{"start":1716987311475,"stop":1716987330615,"duration":19140},"status":"passed","steps":[{"name":"Attach Screenshot","time":{"start":1716987328606,"stop":1716987328614,"duration":8},"status":"passed","steps":[],"attachments":[{"uid":"41a6a76f0e2c873f","name":"screenshot779.png","source":"41a6a76f0e2c873f.png","type":"image/png","size":108558}],"parameters":[],"shouldDisplayMessage":false,"attachmentsCount":1,"attachmentStep":false,"stepsCount":0,"hasContent":true}],"attachments":[],"parameters":[],"shouldDisplayMessage":false,"attachmentsCount":1,"attachmentStep":false,"stepsCount":1,"hasContent":true},{"name":"When created a Market Admin user","time":{"start":1716987330615,"stop":1716987356712,"duration":26097},"status":"broken","statusMessage":"selenium.common.exceptions.NoSuchElementException: Message: no such element: Unable to locate element: {\"method\":\"xpath\",\"selector\":\"//input[@class='MuiSelect-nativeInput-2332']\"}\n  (Session info: chrome=125.0.6422.78); For documentation on this error, please visit: https://www.selenium.dev/documentation/webdriver/troubleshooting/errors#no-such-element-exception\nStacktrace:\n\tGetHandleVerifier [0x00BAB793+45827]\n\t(No symbol) [0x00B3DB74]\n\t(No symbol) [0x00A3150F]\n\t(No symbol) [0x00A720BC]\n\t(No symbol) [0x00A7216B]\n\t(No symbol) [0x00AAE0F2]\n\t(No symbol) [0x00A92E44]\n\t(No symbol) [0x00AAC034]\n\t(No symbol) [0x00A92B96]\n\t(No symbol) [0x00A66998]\n\t(No symbol) [0x00A6751D]\n\tGetHandleVerifier [0x00E643C3+2899763]\n\tGetHandleVerifier [0x00EB77ED+3240797]\n\tGetHandleVerifier [0x00C31264+593364]\n\tGetHandleVerifier [0x00C3818C+621820]\n\t(No symbol) [0x00B46F54]\n\t(No symbol) [0x00B43658]\n\t(No symbol) [0x00B437F7]\n\t(No symbol) [0x00B358AE]\n\tBaseThreadInitThunk [0x777CFA29+25]\n\tRtlGetAppContainerNamedObjectPath [0x779175F4+228]\n\tRtlGetAppContainerNamedObjectPath [0x779175C4+180]\n\n","statusTrace":"  File \"C:\\Users\\akbar.raza\\PycharmProjects\\FWU\\.venv\\Lib\\site-packages\\behave\\model.py\", line 1329, in run\n    match.run(runner.context)\n  File \"C:\\Users\\akbar.raza\\PycharmProjects\\FWU\\.venv\\Lib\\site-packages\\behave\\matchers.py\", line 98, in run\n    self.func(context, *args, **kwargs)\n  File \"features\\steps\\test.py\", line 86, in usercreation\n    reusable_methods.click_action_xpath(context.driver, fwu_usercreation_elements.dropdown_salutation)\n  File \"C:\\Users\\akbar.raza\\PycharmProjects\\FWU\\generic_methods\\reusable_methods.py\", line 47, in click_action_xpath\n    driver.find_element('xpath',element).click()\n    ^^^^^^^^^^^^^^^^^^^^^^^^^^^^^^^^^^^^\n  File \"C:\\Users\\akbar.raza\\PycharmProjects\\FWU\\.venv\\Lib\\site-packages\\selenium\\webdriver\\remote\\webdriver.py\", line 741, in find_element\n    return self.execute(Command.FIND_ELEMENT, {\"using\": by, \"value\": value})[\"value\"]\n           ^^^^^^^^^^^^^^^^^^^^^^^^^^^^^^^^^^^^^^^^^^^^^^^^^^^^^^^^^^^^^^^^^\n  File \"C:\\Users\\akbar.raza\\PycharmProjects\\FWU\\.venv\\Lib\\site-packages\\selenium\\webdriver\\remote\\webdriver.py\", line 347, in execute\n    self.error_handler.check_response(response)\n  File \"C:\\Users\\akbar.raza\\PycharmProjects\\FWU\\.venv\\Lib\\site-packages\\selenium\\webdriver\\remote\\errorhandler.py\", line 229, in check_response\n    raise exception_class(message, screen, stacktrace)\n","steps":[{"name":"Attach Screenshot","time":{"start":1716987340210,"stop":1716987340226,"duration":16},"status":"passed","steps":[],"attachments":[{"uid":"5a7af18d70b966b3","name":"screenshot849.png","source":"5a7af18d70b966b3.png","type":"image/png","size":145404}],"parameters":[],"shouldDisplayMessage":false,"attachmentsCount":1,"attachmentStep":false,"stepsCount":0,"hasContent":true}],"attachments":[],"parameters":[],"shouldDisplayMessage":true,"attachmentsCount":1,"attachmentStep":false,"stepsCount":1,"hasContent":true},{"name":"Then User created successfully","time":{"start":1716987356712,"stop":1716987356712,"duration":0},"status":"skipped","steps":[],"attachments":[],"parameters":[],"shouldDisplayMessage":false,"attachmentsCount":0,"attachmentStep":false,"stepsCount":0,"hasContent":false}],"attachments":[],"parameters":[],"shouldDisplayMessage":false,"attachmentsCount":2,"attachmentStep":false,"stepsCount":5,"hasContent":true},"afterStages":[],"labels":[{"name":"severity","value":"normal"},{"name":"tag","value":"adminusercreation"},{"name":"feature","value":"User Creation"},{"name":"framework","value":"behave"},{"name":"language","value":"cpython3"},{"name":"resultFormat","value":"allure2"}],"parameters":[],"links":[],"hidden":true,"retry":true,"extra":{"categories":[],"tags":["adminusercreation"]},"source":"d37b2865e81a043a.json","parameterValues":[]}