{"uid":"dfe34bd8ac840b3c","name":"Market Admin can be created through NIMDA user","fullName":"User Creation: Market Admin can be created through NIMDA user","historyId":"6f0087f48ee2e7660f5a1fc47a218a6d","time":{"start":1717045330389,"stop":1717045346745,"duration":16356},"status":"broken","statusMessage":"selenium.common.exceptions.StaleElementReferenceException: Message: stale element reference: stale element not found\n  (Session info: chrome=125.0.6422.113); For documentation on this error, please visit: https://www.selenium.dev/documentation/webdriver/troubleshooting/errors#stale-element-reference-exception\nStacktrace:\n\tGetHandleVerifier [0x0038B793+45827]\n\t(No symbol) [0x0031DB74]\n\t(No symbol) [0x0021150F]\n\t(No symbol) [0x0021F4F7]\n\t(No symbol) [0x0021FCEE]\n\t(No symbol) [0x002170DB]\n\t(No symbol) [0x00215414]\n\t(No symbol) [0x00218298]\n\t(No symbol) [0x00218310]\n\t(No symbol) [0x00253A82]\n\t(No symbol) [0x00249C62]\n\t(No symbol) [0x00272DFC]\n\t(No symbol) [0x00248075]\n\t(No symbol) [0x00273094]\n\t(No symbol) [0x0028C034]\n\t(No symbol) [0x00272B96]\n\t(No symbol) [0x00246998]\n\t(No symbol) [0x0024751D]\n\tGetHandleVerifier [0x006443C3+2899763]\n\tGetHandleVerifier [0x006977ED+3240797]\n\tGetHandleVerifier [0x00411264+593364]\n\tGetHandleVerifier [0x0041818C+621820]\n\t(No symbol) [0x00326F54]\n\t(No symbol) [0x00323658]\n\t(No symbol) [0x003237F7]\n\t(No symbol) [0x003158AE]\n\tBaseThreadInitThunk [0x777CFA29+25]\n\tRtlGetAppContainerNamedObjectPath [0x779175F4+228]\n\tRtlGetAppContainerNamedObjectPath [0x779175C4+180]\n\n","statusTrace":"  File \"C:\\Users\\akbar.raza\\PycharmProjects\\FWU\\.venv\\Lib\\site-packages\\behave\\model.py\", line 1329, in run\n    match.run(runner.context)\n  File \"C:\\Users\\akbar.raza\\PycharmProjects\\FWU\\.venv\\Lib\\site-packages\\behave\\matchers.py\", line 98, in run\n    self.func(context, *args, **kwargs)\n  File \"features\\steps\\test.py\", line 64, in login\n    reusable_methods.input_action_id(context.driver, fwu_login_elements.textbox_password_id, fwu_login_inputs.password)\n  File \"C:\\Users\\akbar.raza\\PycharmProjects\\FWU\\generic_methods\\reusable_methods.py\", line 40, in input_action_id\n    driver.find_element('id', element).clear()\n  File \"C:\\Users\\akbar.raza\\PycharmProjects\\FWU\\.venv\\Lib\\site-packages\\selenium\\webdriver\\remote\\webelement.py\", line 117, in clear\n    self._execute(Command.CLEAR_ELEMENT)\n  File \"C:\\Users\\akbar.raza\\PycharmProjects\\FWU\\.venv\\Lib\\site-packages\\selenium\\webdriver\\remote\\webelement.py\", line 395, in _execute\n    return self._parent.execute(command, params)\n           ^^^^^^^^^^^^^^^^^^^^^^^^^^^^^^^^^^^^^\n  File \"C:\\Users\\akbar.raza\\PycharmProjects\\FWU\\.venv\\Lib\\site-packages\\selenium\\webdriver\\remote\\webdriver.py\", line 347, in execute\n    self.error_handler.check_response(response)\n  File \"C:\\Users\\akbar.raza\\PycharmProjects\\FWU\\.venv\\Lib\\site-packages\\selenium\\webdriver\\remote\\errorhandler.py\", line 229, in check_response\n    raise exception_class(message, screen, stacktrace)\n","flaky":false,"newFailed":false,"newBroken":false,"newPassed":false,"retriesCount":0,"retriesStatusChange":false,"beforeStages":[],"testStage":{"status":"broken","statusMessage":"selenium.common.exceptions.StaleElementReferenceException: Message: stale element reference: stale element not found\n  (Session info: chrome=125.0.6422.113); For documentation on this error, please visit: https://www.selenium.dev/documentation/webdriver/troubleshooting/errors#stale-element-reference-exception\nStacktrace:\n\tGetHandleVerifier [0x0038B793+45827]\n\t(No symbol) [0x0031DB74]\n\t(No symbol) [0x0021150F]\n\t(No symbol) [0x0021F4F7]\n\t(No symbol) [0x0021FCEE]\n\t(No symbol) [0x002170DB]\n\t(No symbol) [0x00215414]\n\t(No symbol) [0x00218298]\n\t(No symbol) [0x00218310]\n\t(No symbol) [0x00253A82]\n\t(No symbol) [0x00249C62]\n\t(No symbol) [0x00272DFC]\n\t(No symbol) [0x00248075]\n\t(No symbol) [0x00273094]\n\t(No symbol) [0x0028C034]\n\t(No symbol) [0x00272B96]\n\t(No symbol) [0x00246998]\n\t(No symbol) [0x0024751D]\n\tGetHandleVerifier [0x006443C3+2899763]\n\tGetHandleVerifier [0x006977ED+3240797]\n\tGetHandleVerifier [0x00411264+593364]\n\tGetHandleVerifier [0x0041818C+621820]\n\t(No symbol) [0x00326F54]\n\t(No symbol) [0x00323658]\n\t(No symbol) [0x003237F7]\n\t(No symbol) [0x003158AE]\n\tBaseThreadInitThunk [0x777CFA29+25]\n\tRtlGetAppContainerNamedObjectPath [0x779175F4+228]\n\tRtlGetAppContainerNamedObjectPath [0x779175C4+180]\n\n","statusTrace":"  File \"C:\\Users\\akbar.raza\\PycharmProjects\\FWU\\.venv\\Lib\\site-packages\\behave\\model.py\", line 1329, in run\n    match.run(runner.context)\n  File \"C:\\Users\\akbar.raza\\PycharmProjects\\FWU\\.venv\\Lib\\site-packages\\behave\\matchers.py\", line 98, in run\n    self.func(context, *args, **kwargs)\n  File \"features\\steps\\test.py\", line 64, in login\n    reusable_methods.input_action_id(context.driver, fwu_login_elements.textbox_password_id, fwu_login_inputs.password)\n  File \"C:\\Users\\akbar.raza\\PycharmProjects\\FWU\\generic_methods\\reusable_methods.py\", line 40, in input_action_id\n    driver.find_element('id', element).clear()\n  File \"C:\\Users\\akbar.raza\\PycharmProjects\\FWU\\.venv\\Lib\\site-packages\\selenium\\webdriver\\remote\\webelement.py\", line 117, in clear\n    self._execute(Command.CLEAR_ELEMENT)\n  File \"C:\\Users\\akbar.raza\\PycharmProjects\\FWU\\.venv\\Lib\\site-packages\\selenium\\webdriver\\remote\\webelement.py\", line 395, in _execute\n    return self._parent.execute(command, params)\n           ^^^^^^^^^^^^^^^^^^^^^^^^^^^^^^^^^^^^^\n  File \"C:\\Users\\akbar.raza\\PycharmProjects\\FWU\\.venv\\Lib\\site-packages\\selenium\\webdriver\\remote\\webdriver.py\", line 347, in execute\n    self.error_handler.check_response(response)\n  File \"C:\\Users\\akbar.raza\\PycharmProjects\\FWU\\.venv\\Lib\\site-packages\\selenium\\webdriver\\remote\\errorhandler.py\", line 229, in check_response\n    raise exception_class(message, screen, stacktrace)\n","steps":[{"name":"Given NIMDA user logged in with valid credential","time":{"start":1717045334853,"stop":1717045346738,"duration":11885},"status":"broken","statusMessage":"selenium.common.exceptions.StaleElementReferenceException: Message: stale element reference: stale element not found\n  (Session info: chrome=125.0.6422.113); For documentation on this error, please visit: https://www.selenium.dev/documentation/webdriver/troubleshooting/errors#stale-element-reference-exception\nStacktrace:\n\tGetHandleVerifier [0x0038B793+45827]\n\t(No symbol) [0x0031DB74]\n\t(No symbol) [0x0021150F]\n\t(No symbol) [0x0021F4F7]\n\t(No symbol) [0x0021FCEE]\n\t(No symbol) [0x002170DB]\n\t(No symbol) [0x00215414]\n\t(No symbol) [0x00218298]\n\t(No symbol) [0x00218310]\n\t(No symbol) [0x00253A82]\n\t(No symbol) [0x00249C62]\n\t(No symbol) [0x00272DFC]\n\t(No symbol) [0x00248075]\n\t(No symbol) [0x00273094]\n\t(No symbol) [0x0028C034]\n\t(No symbol) [0x00272B96]\n\t(No symbol) [0x00246998]\n\t(No symbol) [0x0024751D]\n\tGetHandleVerifier [0x006443C3+2899763]\n\tGetHandleVerifier [0x006977ED+3240797]\n\tGetHandleVerifier [0x00411264+593364]\n\tGetHandleVerifier [0x0041818C+621820]\n\t(No symbol) [0x00326F54]\n\t(No symbol) [0x00323658]\n\t(No symbol) [0x003237F7]\n\t(No symbol) [0x003158AE]\n\tBaseThreadInitThunk [0x777CFA29+25]\n\tRtlGetAppContainerNamedObjectPath [0x779175F4+228]\n\tRtlGetAppContainerNamedObjectPath [0x779175C4+180]\n\n","statusTrace":"  File \"C:\\Users\\akbar.raza\\PycharmProjects\\FWU\\.venv\\Lib\\site-packages\\behave\\model.py\", line 1329, in run\n    match.run(runner.context)\n  File \"C:\\Users\\akbar.raza\\PycharmProjects\\FWU\\.venv\\Lib\\site-packages\\behave\\matchers.py\", line 98, in run\n    self.func(context, *args, **kwargs)\n  File \"features\\steps\\test.py\", line 64, in login\n    reusable_methods.input_action_id(context.driver, fwu_login_elements.textbox_password_id, fwu_login_inputs.password)\n  File \"C:\\Users\\akbar.raza\\PycharmProjects\\FWU\\generic_methods\\reusable_methods.py\", line 40, in input_action_id\n    driver.find_element('id', element).clear()\n  File \"C:\\Users\\akbar.raza\\PycharmProjects\\FWU\\.venv\\Lib\\site-packages\\selenium\\webdriver\\remote\\webelement.py\", line 117, in clear\n    self._execute(Command.CLEAR_ELEMENT)\n  File \"C:\\Users\\akbar.raza\\PycharmProjects\\FWU\\.venv\\Lib\\site-packages\\selenium\\webdriver\\remote\\webelement.py\", line 395, in _execute\n    return self._parent.execute(command, params)\n           ^^^^^^^^^^^^^^^^^^^^^^^^^^^^^^^^^^^^^\n  File \"C:\\Users\\akbar.raza\\PycharmProjects\\FWU\\.venv\\Lib\\site-packages\\selenium\\webdriver\\remote\\webdriver.py\", line 347, in execute\n    self.error_handler.check_response(response)\n  File \"C:\\Users\\akbar.raza\\PycharmProjects\\FWU\\.venv\\Lib\\site-packages\\selenium\\webdriver\\remote\\errorhandler.py\", line 229, in check_response\n    raise exception_class(message, screen, stacktrace)\n","steps":[],"attachments":[],"parameters":[],"shouldDisplayMessage":true,"attachmentsCount":0,"attachmentStep":false,"stepsCount":0,"hasContent":true},{"name":"When created a Market Admin user","time":{"start":1717045346745,"stop":1717045346745,"duration":0},"status":"skipped","steps":[],"attachments":[],"parameters":[],"shouldDisplayMessage":false,"attachmentsCount":0,"attachmentStep":false,"stepsCount":0,"hasContent":false},{"name":"Then User created successfully","time":{"start":1717045346745,"stop":1717045346745,"duration":0},"status":"skipped","steps":[],"attachments":[],"parameters":[],"shouldDisplayMessage":false,"attachmentsCount":0,"attachmentStep":false,"stepsCount":0,"hasContent":false}],"attachments":[],"parameters":[],"shouldDisplayMessage":false,"attachmentsCount":0,"attachmentStep":false,"stepsCount":3,"hasContent":true},"afterStages":[],"labels":[{"name":"severity","value":"normal"},{"name":"tag","value":"adminusercreation"},{"name":"feature","value":"User Creation"},{"name":"framework","value":"behave"},{"name":"language","value":"cpython3"},{"name":"resultFormat","value":"allure2"}],"parameters":[],"links":[],"hidden":true,"retry":true,"extra":{"categories":[],"tags":["adminusercreation"]},"source":"dfe34bd8ac840b3c.json","parameterValues":[]}