{"uid":"f02370770371601","name":"Admin user Login","fullName":"User login: Admin user Login","historyId":"e3e7f1721e504f6b1c5a653a6a85665c","time":{"start":1716372013003,"stop":1716372027849,"duration":14846},"status":"broken","statusMessage":"selenium.common.exceptions.ElementClickInterceptedException: Message: element click intercepted: Element is not clickable at point (-32, 652)\n  (Session info: chrome=125.0.6422.60)\nStacktrace:\n\tGetHandleVerifier [0x0101B793+45827]\n\t(No symbol) [0x00FADB74]\n\t(No symbol) [0x00EA150F]\n\t(No symbol) [0x00EE8052]\n\t(No symbol) [0x00EE63D8]\n\t(No symbol) [0x00EE425B]\n\t(No symbol) [0x00EE3823]\n\t(No symbol) [0x00ED85EF]\n\t(No symbol) [0x00F02DFC]\n\t(No symbol) [0x00ED8075]\n\t(No symbol) [0x00F03094]\n\t(No symbol) [0x00F1C034]\n\t(No symbol) [0x00F02B96]\n\t(No symbol) [0x00ED6998]\n\t(No symbol) [0x00ED751D]\n\tGetHandleVerifier [0x012D43C3+2899763]\n\tGetHandleVerifier [0x013277ED+3240797]\n\tGetHandleVerifier [0x010A1264+593364]\n\tGetHandleVerifier [0x010A818C+621820]\n\t(No symbol) [0x00FB6F54]\n\t(No symbol) [0x00FB3658]\n\t(No symbol) [0x00FB37F7]\n\t(No symbol) [0x00FA58AE]\n\tBaseThreadInitThunk [0x777CFA29+25]\n\tRtlGetAppContainerNamedObjectPath [0x779175F4+228]\n\tRtlGetAppContainerNamedObjectPath [0x779175C4+180]\n\n","statusTrace":"  File \"C:\\Users\\akbar.raza\\PycharmProjects\\FWU\\.venv\\Lib\\site-packages\\behave\\model.py\", line 1329, in run\n    match.run(runner.context)\n  File \"C:\\Users\\akbar.raza\\PycharmProjects\\FWU\\.venv\\Lib\\site-packages\\behave\\matchers.py\", line 98, in run\n    self.func(context, *args, **kwargs)\n  File \"features\\steps\\test.py\", line 31, in step_impl\n    fwu_logout_functions.logout(context.driver, fwu_logout_elements.button_logout)\n  File \"C:\\Users\\akbar.raza\\PycharmProjects\\FWU\\Functions\\fwu_logout_functions.py\", line 10, in logout\n    driver.find_element('xpath', fwu_logout_elements.button_logout).click()\n  File \"C:\\Users\\akbar.raza\\PycharmProjects\\FWU\\.venv\\Lib\\site-packages\\selenium\\webdriver\\remote\\webelement.py\", line 94, in click\n    self._execute(Command.CLICK_ELEMENT)\n  File \"C:\\Users\\akbar.raza\\PycharmProjects\\FWU\\.venv\\Lib\\site-packages\\selenium\\webdriver\\remote\\webelement.py\", line 395, in _execute\n    return self._parent.execute(command, params)\n           ^^^^^^^^^^^^^^^^^^^^^^^^^^^^^^^^^^^^^\n  File \"C:\\Users\\akbar.raza\\PycharmProjects\\FWU\\.venv\\Lib\\site-packages\\selenium\\webdriver\\remote\\webdriver.py\", line 347, in execute\n    self.error_handler.check_response(response)\n  File \"C:\\Users\\akbar.raza\\PycharmProjects\\FWU\\.venv\\Lib\\site-packages\\selenium\\webdriver\\remote\\errorhandler.py\", line 229, in check_response\n    raise exception_class(message, screen, stacktrace)\n","flaky":false,"newFailed":false,"newBroken":false,"newPassed":false,"retriesCount":0,"retriesStatusChange":false,"beforeStages":[],"testStage":{"status":"broken","statusMessage":"selenium.common.exceptions.ElementClickInterceptedException: Message: element click intercepted: Element is not clickable at point (-32, 652)\n  (Session info: chrome=125.0.6422.60)\nStacktrace:\n\tGetHandleVerifier [0x0101B793+45827]\n\t(No symbol) [0x00FADB74]\n\t(No symbol) [0x00EA150F]\n\t(No symbol) [0x00EE8052]\n\t(No symbol) [0x00EE63D8]\n\t(No symbol) [0x00EE425B]\n\t(No symbol) [0x00EE3823]\n\t(No symbol) [0x00ED85EF]\n\t(No symbol) [0x00F02DFC]\n\t(No symbol) [0x00ED8075]\n\t(No symbol) [0x00F03094]\n\t(No symbol) [0x00F1C034]\n\t(No symbol) [0x00F02B96]\n\t(No symbol) [0x00ED6998]\n\t(No symbol) [0x00ED751D]\n\tGetHandleVerifier [0x012D43C3+2899763]\n\tGetHandleVerifier [0x013277ED+3240797]\n\tGetHandleVerifier [0x010A1264+593364]\n\tGetHandleVerifier [0x010A818C+621820]\n\t(No symbol) [0x00FB6F54]\n\t(No symbol) [0x00FB3658]\n\t(No symbol) [0x00FB37F7]\n\t(No symbol) [0x00FA58AE]\n\tBaseThreadInitThunk [0x777CFA29+25]\n\tRtlGetAppContainerNamedObjectPath [0x779175F4+228]\n\tRtlGetAppContainerNamedObjectPath [0x779175C4+180]\n\n","statusTrace":"  File \"C:\\Users\\akbar.raza\\PycharmProjects\\FWU\\.venv\\Lib\\site-packages\\behave\\model.py\", line 1329, in run\n    match.run(runner.context)\n  File \"C:\\Users\\akbar.raza\\PycharmProjects\\FWU\\.venv\\Lib\\site-packages\\behave\\matchers.py\", line 98, in run\n    self.func(context, *args, **kwargs)\n  File \"features\\steps\\test.py\", line 31, in step_impl\n    fwu_logout_functions.logout(context.driver, fwu_logout_elements.button_logout)\n  File \"C:\\Users\\akbar.raza\\PycharmProjects\\FWU\\Functions\\fwu_logout_functions.py\", line 10, in logout\n    driver.find_element('xpath', fwu_logout_elements.button_logout).click()\n  File \"C:\\Users\\akbar.raza\\PycharmProjects\\FWU\\.venv\\Lib\\site-packages\\selenium\\webdriver\\remote\\webelement.py\", line 94, in click\n    self._execute(Command.CLICK_ELEMENT)\n  File \"C:\\Users\\akbar.raza\\PycharmProjects\\FWU\\.venv\\Lib\\site-packages\\selenium\\webdriver\\remote\\webelement.py\", line 395, in _execute\n    return self._parent.execute(command, params)\n           ^^^^^^^^^^^^^^^^^^^^^^^^^^^^^^^^^^^^^\n  File \"C:\\Users\\akbar.raza\\PycharmProjects\\FWU\\.venv\\Lib\\site-packages\\selenium\\webdriver\\remote\\webdriver.py\", line 347, in execute\n    self.error_handler.check_response(response)\n  File \"C:\\Users\\akbar.raza\\PycharmProjects\\FWU\\.venv\\Lib\\site-packages\\selenium\\webdriver\\remote\\errorhandler.py\", line 229, in check_response\n    raise exception_class(message, screen, stacktrace)\n","steps":[{"name":"When user logged in with valid credential","time":{"start":1716372013005,"stop":1716372026701,"duration":13696},"status":"passed","steps":[],"attachments":[],"parameters":[],"shouldDisplayMessage":false,"attachmentsCount":0,"attachmentStep":false,"stepsCount":0,"hasContent":false},{"name":"Then user should be logged out successfully","time":{"start":1716372026701,"stop":1716372027846,"duration":1145},"status":"broken","statusMessage":"selenium.common.exceptions.ElementClickInterceptedException: Message: element click intercepted: Element is not clickable at point (-32, 652)\n  (Session info: chrome=125.0.6422.60)\nStacktrace:\n\tGetHandleVerifier [0x0101B793+45827]\n\t(No symbol) [0x00FADB74]\n\t(No symbol) [0x00EA150F]\n\t(No symbol) [0x00EE8052]\n\t(No symbol) [0x00EE63D8]\n\t(No symbol) [0x00EE425B]\n\t(No symbol) [0x00EE3823]\n\t(No symbol) [0x00ED85EF]\n\t(No symbol) [0x00F02DFC]\n\t(No symbol) [0x00ED8075]\n\t(No symbol) [0x00F03094]\n\t(No symbol) [0x00F1C034]\n\t(No symbol) [0x00F02B96]\n\t(No symbol) [0x00ED6998]\n\t(No symbol) [0x00ED751D]\n\tGetHandleVerifier [0x012D43C3+2899763]\n\tGetHandleVerifier [0x013277ED+3240797]\n\tGetHandleVerifier [0x010A1264+593364]\n\tGetHandleVerifier [0x010A818C+621820]\n\t(No symbol) [0x00FB6F54]\n\t(No symbol) [0x00FB3658]\n\t(No symbol) [0x00FB37F7]\n\t(No symbol) [0x00FA58AE]\n\tBaseThreadInitThunk [0x777CFA29+25]\n\tRtlGetAppContainerNamedObjectPath [0x779175F4+228]\n\tRtlGetAppContainerNamedObjectPath [0x779175C4+180]\n\n","statusTrace":"  File \"C:\\Users\\akbar.raza\\PycharmProjects\\FWU\\.venv\\Lib\\site-packages\\behave\\model.py\", line 1329, in run\n    match.run(runner.context)\n  File \"C:\\Users\\akbar.raza\\PycharmProjects\\FWU\\.venv\\Lib\\site-packages\\behave\\matchers.py\", line 98, in run\n    self.func(context, *args, **kwargs)\n  File \"features\\steps\\test.py\", line 31, in step_impl\n    fwu_logout_functions.logout(context.driver, fwu_logout_elements.button_logout)\n  File \"C:\\Users\\akbar.raza\\PycharmProjects\\FWU\\Functions\\fwu_logout_functions.py\", line 10, in logout\n    driver.find_element('xpath', fwu_logout_elements.button_logout).click()\n  File \"C:\\Users\\akbar.raza\\PycharmProjects\\FWU\\.venv\\Lib\\site-packages\\selenium\\webdriver\\remote\\webelement.py\", line 94, in click\n    self._execute(Command.CLICK_ELEMENT)\n  File \"C:\\Users\\akbar.raza\\PycharmProjects\\FWU\\.venv\\Lib\\site-packages\\selenium\\webdriver\\remote\\webelement.py\", line 395, in _execute\n    return self._parent.execute(command, params)\n           ^^^^^^^^^^^^^^^^^^^^^^^^^^^^^^^^^^^^^\n  File \"C:\\Users\\akbar.raza\\PycharmProjects\\FWU\\.venv\\Lib\\site-packages\\selenium\\webdriver\\remote\\webdriver.py\", line 347, in execute\n    self.error_handler.check_response(response)\n  File \"C:\\Users\\akbar.raza\\PycharmProjects\\FWU\\.venv\\Lib\\site-packages\\selenium\\webdriver\\remote\\errorhandler.py\", line 229, in check_response\n    raise exception_class(message, screen, stacktrace)\n","steps":[],"attachments":[],"parameters":[],"shouldDisplayMessage":true,"attachmentsCount":0,"attachmentStep":false,"stepsCount":0,"hasContent":true}],"attachments":[],"parameters":[],"shouldDisplayMessage":false,"attachmentsCount":0,"attachmentStep":false,"stepsCount":2,"hasContent":true},"afterStages":[],"labels":[{"name":"severity","value":"normal"},{"name":"tag","value":"validcred"},{"name":"feature","value":"User login"},{"name":"framework","value":"behave"},{"name":"language","value":"cpython3"},{"name":"resultFormat","value":"allure2"}],"parameters":[],"links":[],"hidden":true,"retry":true,"extra":{"categories":[],"tags":["validcred"]},"source":"f02370770371601.json","parameterValues":[]}